::1 - - [15/Apr/2022:19:12:37 +0000] "POST /api/view/login/ HTTP/1.1" 404 268 "http://localhost:3000/" "Mozilla/5.0 (Macintosh; Intel Mac OS X 10_15_7) AppleWebKit/537.36 (KHTML, like Gecko) Chrome/100.0.4896.88 Safari/537.36"
::1 - - [15/Apr/2022:19:13:01 +0000] "POST /api/view/login/ HTTP/1.1" 404 268 "http://localhost:3000/" "Mozilla/5.0 (Macintosh; Intel Mac OS X 10_15_7) AppleWebKit/537.36 (KHTML, like Gecko) Chrome/100.0.4896.88 Safari/537.36"
::1 - - [15/Apr/2022:19:14:13 +0000] "POST /api/view/login/ HTTP/1.1" 400 33 "http://localhost:3000/" "Mozilla/5.0 (Macintosh; Intel Mac OS X 10_15_7) AppleWebKit/537.36 (KHTML, like Gecko) Chrome/100.0.4896.88 Safari/537.36"
::1 - - [15/Apr/2022:19:14:19 +0000] "POST /api/view/login/ HTTP/1.1" 200 376 "http://localhost:3000/" "Mozilla/5.0 (Macintosh; Intel Mac OS X 10_15_7) AppleWebKit/537.36 (KHTML, like Gecko) Chrome/100.0.4896.88 Safari/537.36"
::1 - - [15/Apr/2022:19:14:19 +0000] "GET /api/admin/theme HTTP/1.1" 304 - "http://localhost:3000/" "Mozilla/5.0 (Macintosh; Intel Mac OS X 10_15_7) AppleWebKit/537.36 (KHTML, like Gecko) Chrome/100.0.4896.88 Safari/537.36"
::1 - - [15/Apr/2022:19:14:19 +0000] "GET /api/count/admin/all/ HTTP/1.1" 200 210 "http://localhost:3000/" "Mozilla/5.0 (Macintosh; Intel Mac OS X 10_15_7) AppleWebKit/537.36 (KHTML, like Gecko) Chrome/100.0.4896.88 Safari/537.36"
::1 - - [15/Apr/2022:19:14:19 +0000] "GET /api/adminview/analytics/ HTTP/1.1" 304 - "http://localhost:3000/admin" "Mozilla/5.0 (Macintosh; Intel Mac OS X 10_15_7) AppleWebKit/537.36 (KHTML, like Gecko) Chrome/100.0.4896.88 Safari/537.36"
::1 - - [15/Apr/2022:20:12:16 +0000] "POST /api/view/login/ HTTP/1.1" 200 375 "http://localhost:3000/" "Mozilla/5.0 (Macintosh; Intel Mac OS X 10_15_7) AppleWebKit/537.36 (KHTML, like Gecko) Chrome/100.0.4896.88 Safari/537.36"
::1 - - [15/Apr/2022:20:12:16 +0000] "GET /api/userview/premium HTTP/1.1" 304 - "http://localhost:3000/" "Mozilla/5.0 (Macintosh; Intel Mac OS X 10_15_7) AppleWebKit/537.36 (KHTML, like Gecko) Chrome/100.0.4896.88 Safari/537.36"
::1 - - [15/Apr/2022:20:12:16 +0000] "GET /api/users/theme HTTP/1.1" 304 - "http://localhost:3000/" "Mozilla/5.0 (Macintosh; Intel Mac OS X 10_15_7) AppleWebKit/537.36 (KHTML, like Gecko) Chrome/100.0.4896.88 Safari/537.36"
::1 - - [15/Apr/2022:20:12:16 +0000] "GET /api/count/user/all/ HTTP/1.1" 200 99 "http://localhost:3000/" "Mozilla/5.0 (Macintosh; Intel Mac OS X 10_15_7) AppleWebKit/537.36 (KHTML, like Gecko) Chrome/100.0.4896.88 Safari/537.36"
::1 - - [15/Apr/2022:20:12:17 +0000] "GET /api/userview/details HTTP/1.1" 200 524 "http://localhost:3000/user" "Mozilla/5.0 (Macintosh; Intel Mac OS X 10_15_7) AppleWebKit/537.36 (KHTML, like Gecko) Chrome/100.0.4896.88 Safari/537.36"
::1 - - [15/Apr/2022:20:16:22 +0000] "GET /api/userview/details HTTP/1.1" 304 - "http://localhost:3000/user" "Mozilla/5.0 (Macintosh; Intel Mac OS X 10_15_7) AppleWebKit/537.36 (KHTML, like Gecko) Chrome/100.0.4896.88 Safari/537.36"
::1 - - [15/Apr/2022:20:22:23 +0000] "GET /api/userview/details HTTP/1.1" 304 - "http://localhost:3000/user" "Mozilla/5.0 (Macintosh; Intel Mac OS X 10_15_7) AppleWebKit/537.36 (KHTML, like Gecko) Chrome/100.0.4896.88 Safari/537.36"
::1 - - [15/Apr/2022:20:23:15 +0000] "GET /api/userview/details HTTP/1.1" 304 - "http://localhost:3000/user" "Mozilla/5.0 (Macintosh; Intel Mac OS X 10_15_7) AppleWebKit/537.36 (KHTML, like Gecko) Chrome/100.0.4896.88 Safari/537.36"
::1 - - [15/Apr/2022:20:24:41 +0000] "GET /api/userview/details HTTP/1.1" 304 - "http://localhost:3000/user" "Mozilla/5.0 (Macintosh; Intel Mac OS X 10_15_7) AppleWebKit/537.36 (KHTML, like Gecko) Chrome/100.0.4896.88 Safari/537.36"
::1 - - [15/Apr/2022:20:26:23 +0000] "GET /api/userview/details HTTP/1.1" 304 - "http://localhost:3000/user" "Mozilla/5.0 (Macintosh; Intel Mac OS X 10_15_7) AppleWebKit/537.36 (KHTML, like Gecko) Chrome/100.0.4896.88 Safari/537.36"
::1 - - [15/Apr/2022:20:32:41 +0000] "GET /api/userview/details HTTP/1.1" 304 - "http://localhost:3000/user" "Mozilla/5.0 (Macintosh; Intel Mac OS X 10_15_7) AppleWebKit/537.36 (KHTML, like Gecko) Chrome/100.0.4896.88 Safari/537.36"
::1 - - [15/Apr/2022:20:54:59 +0000] "GET /api/userview/details HTTP/1.1" 304 - "http://localhost:3000/user" "Mozilla/5.0 (Macintosh; Intel Mac OS X 10_15_7) AppleWebKit/537.36 (KHTML, like Gecko) Chrome/100.0.4896.88 Safari/537.36"
::1 - - [15/Apr/2022:21:12:48 +0000] "GET /api/userview/details HTTP/1.1" 304 - "http://localhost:3000/user" "Mozilla/5.0 (Macintosh; Intel Mac OS X 10_15_7) AppleWebKit/537.36 (KHTML, like Gecko) Chrome/100.0.4896.88 Safari/537.36"
::1 - - [15/Apr/2022:21:43:26 +0000] "GET /api/userview/details HTTP/1.1" 304 - "http://localhost:3000/user" "Mozilla/5.0 (Macintosh; Intel Mac OS X 10_15_7) AppleWebKit/537.36 (KHTML, like Gecko) Chrome/100.0.4896.88 Safari/537.36"
::1 - - [15/Apr/2022:21:48:19 +0000] "GET /api/userview/details HTTP/1.1" 304 - "http://localhost:3000/user" "Mozilla/5.0 (Macintosh; Intel Mac OS X 10_15_7) AppleWebKit/537.36 (KHTML, like Gecko) Chrome/100.0.4896.88 Safari/537.36"
::1 - - [15/Apr/2022:21:48:50 +0000] "POST /api/view/login/ HTTP/1.1" 200 375 "http://localhost:3000/" "Mozilla/5.0 (Macintosh; Intel Mac OS X 10_15_7) AppleWebKit/537.36 (KHTML, like Gecko) Chrome/100.0.4896.88 Safari/537.36"
::1 - - [15/Apr/2022:21:48:50 +0000] "GET /api/users/theme HTTP/1.1" 304 - "http://localhost:3000/" "Mozilla/5.0 (Macintosh; Intel Mac OS X 10_15_7) AppleWebKit/537.36 (KHTML, like Gecko) Chrome/100.0.4896.88 Safari/537.36"
::1 - - [15/Apr/2022:21:48:50 +0000] "GET /api/userview/premium HTTP/1.1" 304 - "http://localhost:3000/" "Mozilla/5.0 (Macintosh; Intel Mac OS X 10_15_7) AppleWebKit/537.36 (KHTML, like Gecko) Chrome/100.0.4896.88 Safari/537.36"
::1 - - [15/Apr/2022:21:48:50 +0000] "GET /api/count/user/all/ HTTP/1.1" 304 - "http://localhost:3000/" "Mozilla/5.0 (Macintosh; Intel Mac OS X 10_15_7) AppleWebKit/537.36 (KHTML, like Gecko) Chrome/100.0.4896.88 Safari/537.36"
::1 - - [15/Apr/2022:21:48:50 +0000] "GET /api/userview/details HTTP/1.1" 304 - "http://localhost:3000/user" "Mozilla/5.0 (Macintosh; Intel Mac OS X 10_15_7) AppleWebKit/537.36 (KHTML, like Gecko) Chrome/100.0.4896.88 Safari/537.36"
::1 - - [15/Apr/2022:21:49:22 +0000] "POST /api/view/login/ HTTP/1.1" 200 375 "http://localhost:3000/" "Mozilla/5.0 (Macintosh; Intel Mac OS X 10_15_7) AppleWebKit/537.36 (KHTML, like Gecko) Chrome/100.0.4896.88 Safari/537.36"
::1 - - [15/Apr/2022:21:49:22 +0000] "GET /api/userview/premium HTTP/1.1" 304 - "http://localhost:3000/" "Mozilla/5.0 (Macintosh; Intel Mac OS X 10_15_7) AppleWebKit/537.36 (KHTML, like Gecko) Chrome/100.0.4896.88 Safari/537.36"
::1 - - [15/Apr/2022:21:49:22 +0000] "GET /api/users/theme HTTP/1.1" 304 - "http://localhost:3000/" "Mozilla/5.0 (Macintosh; Intel Mac OS X 10_15_7) AppleWebKit/537.36 (KHTML, like Gecko) Chrome/100.0.4896.88 Safari/537.36"
::1 - - [15/Apr/2022:21:49:22 +0000] "GET /api/count/user/all/ HTTP/1.1" 304 - "http://localhost:3000/" "Mozilla/5.0 (Macintosh; Intel Mac OS X 10_15_7) AppleWebKit/537.36 (KHTML, like Gecko) Chrome/100.0.4896.88 Safari/537.36"
::1 - - [15/Apr/2022:21:49:23 +0000] "GET /api/userview/details HTTP/1.1" 304 - "http://localhost:3000/user" "Mozilla/5.0 (Macintosh; Intel Mac OS X 10_15_7) AppleWebKit/537.36 (KHTML, like Gecko) Chrome/100.0.4896.88 Safari/537.36"
::1 - - [15/Apr/2022:21:49:56 +0000] "GET /api/userview/details HTTP/1.1" 304 - "http://localhost:3000/user" "Mozilla/5.0 (Macintosh; Intel Mac OS X 10_15_7) AppleWebKit/537.36 (KHTML, like Gecko) Chrome/100.0.4896.88 Safari/537.36"
::1 - - [15/Apr/2022:21:59:25 +0000] "POST /api/view/login/ HTTP/1.1" 200 375 "http://localhost:3000/" "Mozilla/5.0 (Macintosh; Intel Mac OS X 10_15_7) AppleWebKit/537.36 (KHTML, like Gecko) Chrome/100.0.4896.88 Safari/537.36"
::1 - - [15/Apr/2022:21:59:25 +0000] "GET /api/userview/premium HTTP/1.1" 304 - "http://localhost:3000/" "Mozilla/5.0 (Macintosh; Intel Mac OS X 10_15_7) AppleWebKit/537.36 (KHTML, like Gecko) Chrome/100.0.4896.88 Safari/537.36"
::1 - - [15/Apr/2022:21:59:26 +0000] "GET /api/users/theme HTTP/1.1" 304 - "http://localhost:3000/" "Mozilla/5.0 (Macintosh; Intel Mac OS X 10_15_7) AppleWebKit/537.36 (KHTML, like Gecko) Chrome/100.0.4896.88 Safari/537.36"
::1 - - [15/Apr/2022:21:59:26 +0000] "GET /api/count/user/all/ HTTP/1.1" 304 - "http://localhost:3000/" "Mozilla/5.0 (Macintosh; Intel Mac OS X 10_15_7) AppleWebKit/537.36 (KHTML, like Gecko) Chrome/100.0.4896.88 Safari/537.36"
::1 - - [15/Apr/2022:21:59:26 +0000] "GET /api/userview/details HTTP/1.1" 304 - "http://localhost:3000/user" "Mozilla/5.0 (Macintosh; Intel Mac OS X 10_15_7) AppleWebKit/537.36 (KHTML, like Gecko) Chrome/100.0.4896.88 Safari/537.36"
::1 - - [15/Apr/2022:22:04:55 +0000] "POST /api/userview/bonus HTTP/1.1" 200 241 "http://localhost:3000/user/earnings" "Mozilla/5.0 (Macintosh; Intel Mac OS X 10_15_7) AppleWebKit/537.36 (KHTML, like Gecko) Chrome/100.0.4896.88 Safari/537.36"
::1 - - [15/Apr/2022:22:26:15 +0000] "POST /api/view/login/ HTTP/1.1" 200 375 "http://localhost:3000/" "Mozilla/5.0 (Macintosh; Intel Mac OS X 10_15_7) AppleWebKit/537.36 (KHTML, like Gecko) Chrome/100.0.4896.88 Safari/537.36"
::1 - - [15/Apr/2022:22:26:15 +0000] "GET /api/users/theme HTTP/1.1" 304 - "http://localhost:3000/" "Mozilla/5.0 (Macintosh; Intel Mac OS X 10_15_7) AppleWebKit/537.36 (KHTML, like Gecko) Chrome/100.0.4896.88 Safari/537.36"
::1 - - [15/Apr/2022:22:26:15 +0000] "GET /api/userview/premium HTTP/1.1" 304 - "http://localhost:3000/" "Mozilla/5.0 (Macintosh; Intel Mac OS X 10_15_7) AppleWebKit/537.36 (KHTML, like Gecko) Chrome/100.0.4896.88 Safari/537.36"
::1 - - [15/Apr/2022:22:26:15 +0000] "GET /api/count/user/all/ HTTP/1.1" 304 - "http://localhost:3000/" "Mozilla/5.0 (Macintosh; Intel Mac OS X 10_15_7) AppleWebKit/537.36 (KHTML, like Gecko) Chrome/100.0.4896.88 Safari/537.36"
::1 - - [15/Apr/2022:22:26:16 +0000] "GET /api/userview/details HTTP/1.1" 304 - "http://localhost:3000/user" "Mozilla/5.0 (Macintosh; Intel Mac OS X 10_15_7) AppleWebKit/537.36 (KHTML, like Gecko) Chrome/100.0.4896.88 Safari/537.36"
::1 - - [15/Apr/2022:22:35:51 +0000] "GET /api/userview/details HTTP/1.1" 304 - "http://localhost:3000/user" "Mozilla/5.0 (Macintosh; Intel Mac OS X 10_15_7) AppleWebKit/537.36 (KHTML, like Gecko) Chrome/100.0.4896.88 Safari/537.36"
::1 - - [15/Apr/2022:22:43:53 +0000] "POST /api/view/login/ HTTP/1.1" 200 375 "http://localhost:3000/" "Mozilla/5.0 (Macintosh; Intel Mac OS X 10_15_7) AppleWebKit/537.36 (KHTML, like Gecko) Chrome/100.0.4896.88 Safari/537.36"
::1 - - [15/Apr/2022:22:43:53 +0000] "GET /api/userview/premium HTTP/1.1" 304 - "http://localhost:3000/" "Mozilla/5.0 (Macintosh; Intel Mac OS X 10_15_7) AppleWebKit/537.36 (KHTML, like Gecko) Chrome/100.0.4896.88 Safari/537.36"
::1 - - [15/Apr/2022:22:43:53 +0000] "GET /api/users/theme HTTP/1.1" 304 - "http://localhost:3000/" "Mozilla/5.0 (Macintosh; Intel Mac OS X 10_15_7) AppleWebKit/537.36 (KHTML, like Gecko) Chrome/100.0.4896.88 Safari/537.36"
::1 - - [15/Apr/2022:22:43:53 +0000] "GET /api/count/user/all/ HTTP/1.1" 304 - "http://localhost:3000/" "Mozilla/5.0 (Macintosh; Intel Mac OS X 10_15_7) AppleWebKit/537.36 (KHTML, like Gecko) Chrome/100.0.4896.88 Safari/537.36"
::1 - - [15/Apr/2022:22:43:54 +0000] "GET /api/userview/details HTTP/1.1" 304 - "http://localhost:3000/user" "Mozilla/5.0 (Macintosh; Intel Mac OS X 10_15_7) AppleWebKit/537.36 (KHTML, like Gecko) Chrome/100.0.4896.88 Safari/537.36"
