::1 - - [15/Apr/2022:23:06:13 +0000] "POST /api/view/email/ HTTP/1.1" 200 38 "http://localhost:3000/register" "Mozilla/5.0 (Macintosh; Intel Mac OS X 10_15_7) AppleWebKit/537.36 (KHTML, like Gecko) Chrome/100.0.4896.88 Safari/537.36"
::1 - - [15/Apr/2022:23:31:20 +0000] "POST /api/view/email/ HTTP/1.1" 200 38 "http://localhost:3000/register" "Mozilla/5.0 (Macintosh; Intel Mac OS X 10_15_7) AppleWebKit/537.36 (KHTML, like Gecko) Chrome/100.0.4896.88 Safari/537.36"
::1 - - [15/Apr/2022:23:32:39 +0000] "POST /api/view/email/ HTTP/1.1" 200 38 "http://localhost:3000/register" "Mozilla/5.0 (Macintosh; Intel Mac OS X 10_15_7) AppleWebKit/537.36 (KHTML, like Gecko) Chrome/100.0.4896.88 Safari/537.36"
::1 - - [15/Apr/2022:23:32:46 +0000] "POST /api/view/username/ HTTP/1.1" 200 33 "http://localhost:3000/register" "Mozilla/5.0 (Macintosh; Intel Mac OS X 10_15_7) AppleWebKit/537.36 (KHTML, like Gecko) Chrome/100.0.4896.88 Safari/537.36"
::1 - - [15/Apr/2022:23:54:33 +0000] "POST /api/view/login/ HTTP/1.1" 200 375 "http://localhost:3000/" "Mozilla/5.0 (Macintosh; Intel Mac OS X 10_15_7) AppleWebKit/537.36 (KHTML, like Gecko) Chrome/100.0.4896.88 Safari/537.36"
::1 - - [15/Apr/2022:23:54:33 +0000] "GET /api/userview/premium HTTP/1.1" 304 - "http://localhost:3000/" "Mozilla/5.0 (Macintosh; Intel Mac OS X 10_15_7) AppleWebKit/537.36 (KHTML, like Gecko) Chrome/100.0.4896.88 Safari/537.36"
::1 - - [15/Apr/2022:23:54:33 +0000] "GET /api/users/theme HTTP/1.1" 304 - "http://localhost:3000/" "Mozilla/5.0 (Macintosh; Intel Mac OS X 10_15_7) AppleWebKit/537.36 (KHTML, like Gecko) Chrome/100.0.4896.88 Safari/537.36"
::1 - - [15/Apr/2022:23:54:33 +0000] "GET /api/count/user/all/ HTTP/1.1" 304 - "http://localhost:3000/" "Mozilla/5.0 (Macintosh; Intel Mac OS X 10_15_7) AppleWebKit/537.36 (KHTML, like Gecko) Chrome/100.0.4896.88 Safari/537.36"
::1 - - [15/Apr/2022:23:54:34 +0000] "GET /api/userview/details HTTP/1.1" 304 - "http://localhost:3000/user" "Mozilla/5.0 (Macintosh; Intel Mac OS X 10_15_7) AppleWebKit/537.36 (KHTML, like Gecko) Chrome/100.0.4896.88 Safari/537.36"
::1 - - [15/Apr/2022:23:58:46 +0000] "GET /api/userview/details HTTP/1.1" 304 - "http://localhost:3000/user" "Mozilla/5.0 (Macintosh; Intel Mac OS X 10_15_7) AppleWebKit/537.36 (KHTML, like Gecko) Chrome/100.0.4896.88 Safari/537.36"
::1 - - [16/Apr/2022:00:02:43 +0000] "GET /api/userview/details HTTP/1.1" 304 - "http://localhost:3000/user" "Mozilla/5.0 (Macintosh; Intel Mac OS X 10_15_7) AppleWebKit/537.36 (KHTML, like Gecko) Chrome/100.0.4896.88 Safari/537.36"
::1 - - [16/Apr/2022:00:22:16 +0000] "GET /api/userview/details HTTP/1.1" 304 - "http://localhost:3000/user" "Mozilla/5.0 (Macintosh; Intel Mac OS X 10_15_7) AppleWebKit/537.36 (KHTML, like Gecko) Chrome/100.0.4896.88 Safari/537.36"
::1 - - [16/Apr/2022:00:23:38 +0000] "GET /api/userview/details HTTP/1.1" 304 - "http://localhost:3000/user" "Mozilla/5.0 (Macintosh; Intel Mac OS X 10_15_7) AppleWebKit/537.36 (KHTML, like Gecko) Chrome/100.0.4896.88 Safari/537.36"
::1 - - [16/Apr/2022:00:27:30 +0000] "GET /api/userview/details HTTP/1.1" 304 - "http://localhost:3000/user" "Mozilla/5.0 (Macintosh; Intel Mac OS X 10_15_7) AppleWebKit/537.36 (KHTML, like Gecko) Chrome/100.0.4896.88 Safari/537.36"
::1 - - [16/Apr/2022:00:30:34 +0000] "GET /api/userview/details HTTP/1.1" 304 - "http://localhost:3000/user" "Mozilla/5.0 (Macintosh; Intel Mac OS X 10_15_7) AppleWebKit/537.36 (KHTML, like Gecko) Chrome/100.0.4896.88 Safari/537.36"
::1 - - [16/Apr/2022:00:32:39 +0000] "GET /api/userview/details HTTP/1.1" 304 - "http://localhost:3000/user" "Mozilla/5.0 (Macintosh; Intel Mac OS X 10_15_7) AppleWebKit/537.36 (KHTML, like Gecko) Chrome/100.0.4896.88 Safari/537.36"
::1 - - [16/Apr/2022:00:34:05 +0000] "GET /api/userview/details HTTP/1.1" 304 - "http://localhost:3000/user" "Mozilla/5.0 (Macintosh; Intel Mac OS X 10_15_7) AppleWebKit/537.36 (KHTML, like Gecko) Chrome/100.0.4896.88 Safari/537.36"
::1 - - [16/Apr/2022:00:35:44 +0000] "GET /api/userview/details HTTP/1.1" 304 - "http://localhost:3000/user" "Mozilla/5.0 (Macintosh; Intel Mac OS X 10_15_7) AppleWebKit/537.36 (KHTML, like Gecko) Chrome/100.0.4896.88 Safari/537.36"
::1 - - [16/Apr/2022:00:36:29 +0000] "GET /api/userview/details HTTP/1.1" 304 - "http://localhost:3000/user" "Mozilla/5.0 (Macintosh; Intel Mac OS X 10_15_7) AppleWebKit/537.36 (KHTML, like Gecko) Chrome/100.0.4896.88 Safari/537.36"
::1 - - [16/Apr/2022:00:37:22 +0000] "GET /api/userview/details HTTP/1.1" 304 - "http://localhost:3000/user" "Mozilla/5.0 (Macintosh; Intel Mac OS X 10_15_7) AppleWebKit/537.36 (KHTML, like Gecko) Chrome/100.0.4896.88 Safari/537.36"
::1 - - [16/Apr/2022:00:38:05 +0000] "GET /api/userview/details HTTP/1.1" 304 - "http://localhost:3000/user" "Mozilla/5.0 (Macintosh; Intel Mac OS X 10_15_7) AppleWebKit/537.36 (KHTML, like Gecko) Chrome/100.0.4896.88 Safari/537.36"
::1 - - [16/Apr/2022:00:38:54 +0000] "GET /api/userview/details HTTP/1.1" 304 - "http://localhost:3000/user" "Mozilla/5.0 (Macintosh; Intel Mac OS X 10_15_7) AppleWebKit/537.36 (KHTML, like Gecko) Chrome/100.0.4896.88 Safari/537.36"
::1 - - [16/Apr/2022:00:40:59 +0000] "GET /api/userview/details HTTP/1.1" 304 - "http://localhost:3000/user" "Mozilla/5.0 (Macintosh; Intel Mac OS X 10_15_7) AppleWebKit/537.36 (KHTML, like Gecko) Chrome/100.0.4896.88 Safari/537.36"
::1 - - [16/Apr/2022:00:42:46 +0000] "POST /api/view/login/ HTTP/1.1" 200 375 "http://localhost:3000/" "Mozilla/5.0 (Macintosh; Intel Mac OS X 10_15_7) AppleWebKit/537.36 (KHTML, like Gecko) Chrome/100.0.4896.88 Safari/537.36"
::1 - - [16/Apr/2022:00:42:46 +0000] "GET /api/userview/premium HTTP/1.1" 304 - "http://localhost:3000/" "Mozilla/5.0 (Macintosh; Intel Mac OS X 10_15_7) AppleWebKit/537.36 (KHTML, like Gecko) Chrome/100.0.4896.88 Safari/537.36"
::1 - - [16/Apr/2022:00:42:46 +0000] "GET /api/users/theme HTTP/1.1" 304 - "http://localhost:3000/" "Mozilla/5.0 (Macintosh; Intel Mac OS X 10_15_7) AppleWebKit/537.36 (KHTML, like Gecko) Chrome/100.0.4896.88 Safari/537.36"
::1 - - [16/Apr/2022:00:42:46 +0000] "GET /api/count/user/all/ HTTP/1.1" 304 - "http://localhost:3000/" "Mozilla/5.0 (Macintosh; Intel Mac OS X 10_15_7) AppleWebKit/537.36 (KHTML, like Gecko) Chrome/100.0.4896.88 Safari/537.36"
::1 - - [16/Apr/2022:00:42:46 +0000] "GET /api/userview/details HTTP/1.1" 304 - "http://localhost:3000/user" "Mozilla/5.0 (Macintosh; Intel Mac OS X 10_15_7) AppleWebKit/537.36 (KHTML, like Gecko) Chrome/100.0.4896.88 Safari/537.36"
::1 - - [16/Apr/2022:00:43:49 +0000] "GET /api/userview/details HTTP/1.1" 304 - "http://localhost:3000/user" "Mozilla/5.0 (Macintosh; Intel Mac OS X 10_15_7) AppleWebKit/537.36 (KHTML, like Gecko) Chrome/100.0.4896.88 Safari/537.36"
::1 - - [16/Apr/2022:00:45:06 +0000] "GET /api/userview/details HTTP/1.1" 304 - "http://localhost:3000/user" "Mozilla/5.0 (Macintosh; Intel Mac OS X 10_15_7) AppleWebKit/537.36 (KHTML, like Gecko) Chrome/100.0.4896.88 Safari/537.36"
::1 - - [16/Apr/2022:00:46:04 +0000] "GET /api/userview/details HTTP/1.1" 304 - "http://localhost:3000/user" "Mozilla/5.0 (Macintosh; Intel Mac OS X 10_15_7) AppleWebKit/537.36 (KHTML, like Gecko) Chrome/100.0.4896.88 Safari/537.36"
::1 - - [16/Apr/2022:00:46:49 +0000] "GET /api/userview/details HTTP/1.1" 304 - "http://localhost:3000/user" "Mozilla/5.0 (Macintosh; Intel Mac OS X 10_15_7) AppleWebKit/537.36 (KHTML, like Gecko) Chrome/100.0.4896.88 Safari/537.36"
::1 - - [16/Apr/2022:00:47:18 +0000] "POST /api/view/login/ HTTP/1.1" 200 375 "http://localhost:3000/" "Mozilla/5.0 (Macintosh; Intel Mac OS X 10_15_7) AppleWebKit/537.36 (KHTML, like Gecko) Chrome/100.0.4896.88 Safari/537.36"
::1 - - [16/Apr/2022:00:47:18 +0000] "GET /api/userview/premium HTTP/1.1" 304 - "http://localhost:3000/" "Mozilla/5.0 (Macintosh; Intel Mac OS X 10_15_7) AppleWebKit/537.36 (KHTML, like Gecko) Chrome/100.0.4896.88 Safari/537.36"
::1 - - [16/Apr/2022:00:47:18 +0000] "GET /api/users/theme HTTP/1.1" 304 - "http://localhost:3000/" "Mozilla/5.0 (Macintosh; Intel Mac OS X 10_15_7) AppleWebKit/537.36 (KHTML, like Gecko) Chrome/100.0.4896.88 Safari/537.36"
::1 - - [16/Apr/2022:00:47:18 +0000] "GET /api/count/user/all/ HTTP/1.1" 304 - "http://localhost:3000/" "Mozilla/5.0 (Macintosh; Intel Mac OS X 10_15_7) AppleWebKit/537.36 (KHTML, like Gecko) Chrome/100.0.4896.88 Safari/537.36"
::1 - - [16/Apr/2022:00:47:19 +0000] "GET /api/userview/details HTTP/1.1" 304 - "http://localhost:3000/user" "Mozilla/5.0 (Macintosh; Intel Mac OS X 10_15_7) AppleWebKit/537.36 (KHTML, like Gecko) Chrome/100.0.4896.88 Safari/537.36"
::1 - - [16/Apr/2022:00:48:35 +0000] "POST /api/view/login/ HTTP/1.1" 200 375 "http://localhost:3000/" "Mozilla/5.0 (Macintosh; Intel Mac OS X 10_15_7) AppleWebKit/537.36 (KHTML, like Gecko) Chrome/100.0.4896.88 Safari/537.36"
::1 - - [16/Apr/2022:00:48:35 +0000] "GET /api/users/theme HTTP/1.1" 304 - "http://localhost:3000/" "Mozilla/5.0 (Macintosh; Intel Mac OS X 10_15_7) AppleWebKit/537.36 (KHTML, like Gecko) Chrome/100.0.4896.88 Safari/537.36"
::1 - - [16/Apr/2022:00:48:35 +0000] "GET /api/userview/premium HTTP/1.1" 304 - "http://localhost:3000/" "Mozilla/5.0 (Macintosh; Intel Mac OS X 10_15_7) AppleWebKit/537.36 (KHTML, like Gecko) Chrome/100.0.4896.88 Safari/537.36"
::1 - - [16/Apr/2022:00:48:35 +0000] "GET /api/count/user/all/ HTTP/1.1" 304 - "http://localhost:3000/" "Mozilla/5.0 (Macintosh; Intel Mac OS X 10_15_7) AppleWebKit/537.36 (KHTML, like Gecko) Chrome/100.0.4896.88 Safari/537.36"
::1 - - [16/Apr/2022:00:48:35 +0000] "GET /api/userview/details HTTP/1.1" 304 - "http://localhost:3000/user" "Mozilla/5.0 (Macintosh; Intel Mac OS X 10_15_7) AppleWebKit/537.36 (KHTML, like Gecko) Chrome/100.0.4896.88 Safari/537.36"
::1 - - [16/Apr/2022:00:49:51 +0000] "GET /api/userview/details HTTP/1.1" 304 - "http://localhost:3000/user" "Mozilla/5.0 (Macintosh; Intel Mac OS X 10_15_7) AppleWebKit/537.36 (KHTML, like Gecko) Chrome/100.0.4896.88 Safari/537.36"
::1 - - [16/Apr/2022:00:50:11 +0000] "GET /api/userview/details HTTP/1.1" 304 - "http://localhost:3000/user" "Mozilla/5.0 (Macintosh; Intel Mac OS X 10_15_7) AppleWebKit/537.36 (KHTML, like Gecko) Chrome/100.0.4896.88 Safari/537.36"
::1 - - [16/Apr/2022:00:50:37 +0000] "GET /api/userview/details HTTP/1.1" 304 - "http://localhost:3000/user" "Mozilla/5.0 (Macintosh; Intel Mac OS X 10_15_7) AppleWebKit/537.36 (KHTML, like Gecko) Chrome/100.0.4896.88 Safari/537.36"
::1 - - [16/Apr/2022:00:52:55 +0000] "GET /api/userview/details HTTP/1.1" 304 - "http://localhost:3000/user" "Mozilla/5.0 (Macintosh; Intel Mac OS X 10_15_7) AppleWebKit/537.36 (KHTML, like Gecko) Chrome/100.0.4896.88 Safari/537.36"
::1 - - [16/Apr/2022:00:53:18 +0000] "GET /api/userview/details HTTP/1.1" 304 - "http://localhost:3000/user" "Mozilla/5.0 (Macintosh; Intel Mac OS X 10_15_7) AppleWebKit/537.36 (KHTML, like Gecko) Chrome/100.0.4896.88 Safari/537.36"
::1 - - [16/Apr/2022:00:53:29 +0000] "GET /api/userview/details HTTP/1.1" 304 - "http://localhost:3000/user" "Mozilla/5.0 (Macintosh; Intel Mac OS X 10_15_7) AppleWebKit/537.36 (KHTML, like Gecko) Chrome/100.0.4896.88 Safari/537.36"
::1 - - [16/Apr/2022:00:54:38 +0000] "GET /api/userview/details HTTP/1.1" 304 - "http://localhost:3000/user" "Mozilla/5.0 (Macintosh; Intel Mac OS X 10_15_7) AppleWebKit/537.36 (KHTML, like Gecko) Chrome/100.0.4896.88 Safari/537.36"
::1 - - [16/Apr/2022:00:58:00 +0000] "GET /api/userview/details HTTP/1.1" 304 - "http://localhost:3000/user" "Mozilla/5.0 (Macintosh; Intel Mac OS X 10_15_7) AppleWebKit/537.36 (KHTML, like Gecko) Chrome/100.0.4896.88 Safari/537.36"
::1 - - [16/Apr/2022:00:58:47 +0000] "GET /api/userview/details HTTP/1.1" 304 - "http://localhost:3000/user" "Mozilla/5.0 (Macintosh; Intel Mac OS X 10_15_7) AppleWebKit/537.36 (KHTML, like Gecko) Chrome/100.0.4896.88 Safari/537.36"
::1 - - [16/Apr/2022:01:12:27 +0000] "POST /api/view/login/ HTTP/1.1" 200 375 "http://localhost:3000/" "Mozilla/5.0 (Macintosh; Intel Mac OS X 10_15_7) AppleWebKit/537.36 (KHTML, like Gecko) Chrome/100.0.4896.88 Safari/537.36"
::1 - - [16/Apr/2022:01:12:27 +0000] "GET /api/userview/premium HTTP/1.1" 304 - "http://localhost:3000/" "Mozilla/5.0 (Macintosh; Intel Mac OS X 10_15_7) AppleWebKit/537.36 (KHTML, like Gecko) Chrome/100.0.4896.88 Safari/537.36"
::1 - - [16/Apr/2022:01:12:27 +0000] "GET /api/users/theme HTTP/1.1" 304 - "http://localhost:3000/" "Mozilla/5.0 (Macintosh; Intel Mac OS X 10_15_7) AppleWebKit/537.36 (KHTML, like Gecko) Chrome/100.0.4896.88 Safari/537.36"
::1 - - [16/Apr/2022:01:12:27 +0000] "GET /api/count/user/all/ HTTP/1.1" 304 - "http://localhost:3000/" "Mozilla/5.0 (Macintosh; Intel Mac OS X 10_15_7) AppleWebKit/537.36 (KHTML, like Gecko) Chrome/100.0.4896.88 Safari/537.36"
::1 - - [16/Apr/2022:01:12:28 +0000] "GET /api/userview/details HTTP/1.1" 304 - "http://localhost:3000/user" "Mozilla/5.0 (Macintosh; Intel Mac OS X 10_15_7) AppleWebKit/537.36 (KHTML, like Gecko) Chrome/100.0.4896.88 Safari/537.36"
::1 - - [16/Apr/2022:01:13:00 +0000] "POST /api/view/login/ HTTP/1.1" 200 375 "http://localhost:3000/" "Mozilla/5.0 (Macintosh; Intel Mac OS X 10_15_7) AppleWebKit/537.36 (KHTML, like Gecko) Chrome/100.0.4896.88 Safari/537.36"
::1 - - [16/Apr/2022:01:13:01 +0000] "GET /api/userview/premium HTTP/1.1" 304 - "http://localhost:3000/" "Mozilla/5.0 (Macintosh; Intel Mac OS X 10_15_7) AppleWebKit/537.36 (KHTML, like Gecko) Chrome/100.0.4896.88 Safari/537.36"
::1 - - [16/Apr/2022:01:13:01 +0000] "GET /api/users/theme HTTP/1.1" 304 - "http://localhost:3000/" "Mozilla/5.0 (Macintosh; Intel Mac OS X 10_15_7) AppleWebKit/537.36 (KHTML, like Gecko) Chrome/100.0.4896.88 Safari/537.36"
::1 - - [16/Apr/2022:01:13:01 +0000] "GET /api/count/user/all/ HTTP/1.1" 304 - "http://localhost:3000/" "Mozilla/5.0 (Macintosh; Intel Mac OS X 10_15_7) AppleWebKit/537.36 (KHTML, like Gecko) Chrome/100.0.4896.88 Safari/537.36"
::1 - - [16/Apr/2022:01:13:01 +0000] "GET /api/userview/details HTTP/1.1" 304 - "http://localhost:3000/user" "Mozilla/5.0 (Macintosh; Intel Mac OS X 10_15_7) AppleWebKit/537.36 (KHTML, like Gecko) Chrome/100.0.4896.88 Safari/537.36"
::1 - - [16/Apr/2022:01:13:09 +0000] "GET /api/userview/details HTTP/1.1" 304 - "http://localhost:3000/user" "Mozilla/5.0 (Macintosh; Intel Mac OS X 10_15_7) AppleWebKit/537.36 (KHTML, like Gecko) Chrome/100.0.4896.88 Safari/537.36"
::1 - - [16/Apr/2022:01:13:39 +0000] "GET /api/userview/details HTTP/1.1" 304 - "http://localhost:3000/user" "Mozilla/5.0 (Macintosh; Intel Mac OS X 10_15_7) AppleWebKit/537.36 (KHTML, like Gecko) Chrome/100.0.4896.88 Safari/537.36"
::1 - - [16/Apr/2022:01:14:08 +0000] "GET /api/userview/details HTTP/1.1" 304 - "http://localhost:3000/user" "Mozilla/5.0 (Macintosh; Intel Mac OS X 10_15_7) AppleWebKit/537.36 (KHTML, like Gecko) Chrome/100.0.4896.88 Safari/537.36"
::1 - - [16/Apr/2022:01:14:18 +0000] "GET /api/userview/details HTTP/1.1" 304 - "http://localhost:3000/user" "Mozilla/5.0 (Macintosh; Intel Mac OS X 10_15_7) AppleWebKit/537.36 (KHTML, like Gecko) Chrome/100.0.4896.88 Safari/537.36"
::1 - - [16/Apr/2022:01:14:33 +0000] "POST /api/view/login/ HTTP/1.1" 200 375 "http://localhost:3000/" "Mozilla/5.0 (Macintosh; Intel Mac OS X 10_15_7) AppleWebKit/537.36 (KHTML, like Gecko) Chrome/100.0.4896.88 Safari/537.36"
::1 - - [16/Apr/2022:01:14:33 +0000] "GET /api/userview/premium HTTP/1.1" 304 - "http://localhost:3000/" "Mozilla/5.0 (Macintosh; Intel Mac OS X 10_15_7) AppleWebKit/537.36 (KHTML, like Gecko) Chrome/100.0.4896.88 Safari/537.36"
::1 - - [16/Apr/2022:01:14:33 +0000] "GET /api/users/theme HTTP/1.1" 304 - "http://localhost:3000/" "Mozilla/5.0 (Macintosh; Intel Mac OS X 10_15_7) AppleWebKit/537.36 (KHTML, like Gecko) Chrome/100.0.4896.88 Safari/537.36"
::1 - - [16/Apr/2022:01:14:33 +0000] "GET /api/count/user/all/ HTTP/1.1" 304 - "http://localhost:3000/" "Mozilla/5.0 (Macintosh; Intel Mac OS X 10_15_7) AppleWebKit/537.36 (KHTML, like Gecko) Chrome/100.0.4896.88 Safari/537.36"
::1 - - [16/Apr/2022:01:14:33 +0000] "GET /api/userview/details HTTP/1.1" 304 - "http://localhost:3000/user" "Mozilla/5.0 (Macintosh; Intel Mac OS X 10_15_7) AppleWebKit/537.36 (KHTML, like Gecko) Chrome/100.0.4896.88 Safari/537.36"
::1 - - [16/Apr/2022:01:17:58 +0000] "GET /api/userview/details HTTP/1.1" 304 - "http://localhost:3000/user" "Mozilla/5.0 (Macintosh; Intel Mac OS X 10_15_7) AppleWebKit/537.36 (KHTML, like Gecko) Chrome/100.0.4896.88 Safari/537.36"
::1 - - [16/Apr/2022:01:20:41 +0000] "GET /api/userview/details HTTP/1.1" 304 - "http://localhost:3000/user" "Mozilla/5.0 (Macintosh; Intel Mac OS X 10_15_7) AppleWebKit/537.36 (KHTML, like Gecko) Chrome/100.0.4896.88 Safari/537.36"
::1 - - [16/Apr/2022:01:21:29 +0000] "GET /api/userview/details HTTP/1.1" 304 - "http://localhost:3000/user" "Mozilla/5.0 (Macintosh; Intel Mac OS X 10_15_7) AppleWebKit/537.36 (KHTML, like Gecko) Chrome/100.0.4896.88 Safari/537.36"
::1 - - [16/Apr/2022:09:22:55 +0000] "POST /api/view/login/ HTTP/1.1" 200 375 "http://localhost:3000/" "Mozilla/5.0 (Macintosh; Intel Mac OS X 10_15_7) AppleWebKit/537.36 (KHTML, like Gecko) Chrome/100.0.4896.88 Safari/537.36"
::1 - - [16/Apr/2022:09:22:55 +0000] "GET /api/userview/premium HTTP/1.1" 304 - "http://localhost:3000/" "Mozilla/5.0 (Macintosh; Intel Mac OS X 10_15_7) AppleWebKit/537.36 (KHTML, like Gecko) Chrome/100.0.4896.88 Safari/537.36"
::1 - - [16/Apr/2022:09:22:55 +0000] "GET /api/users/theme HTTP/1.1" 304 - "http://localhost:3000/" "Mozilla/5.0 (Macintosh; Intel Mac OS X 10_15_7) AppleWebKit/537.36 (KHTML, like Gecko) Chrome/100.0.4896.88 Safari/537.36"
::1 - - [16/Apr/2022:09:22:55 +0000] "GET /api/count/user/all/ HTTP/1.1" 304 - "http://localhost:3000/" "Mozilla/5.0 (Macintosh; Intel Mac OS X 10_15_7) AppleWebKit/537.36 (KHTML, like Gecko) Chrome/100.0.4896.88 Safari/537.36"
::1 - - [16/Apr/2022:09:22:56 +0000] "GET /api/userview/details HTTP/1.1" 304 - "http://localhost:3000/user" "Mozilla/5.0 (Macintosh; Intel Mac OS X 10_15_7) AppleWebKit/537.36 (KHTML, like Gecko) Chrome/100.0.4896.88 Safari/537.36"
::1 - - [16/Apr/2022:09:23:19 +0000] "GET /api/userview/details HTTP/1.1" 304 - "http://localhost:3000/user" "Mozilla/5.0 (Macintosh; Intel Mac OS X 10_15_7) AppleWebKit/537.36 (KHTML, like Gecko) Chrome/100.0.4896.88 Safari/537.36"
::1 - - [16/Apr/2022:09:34:04 +0000] "POST /api/view/login/ HTTP/1.1" 200 375 "http://localhost:3000/" "Mozilla/5.0 (Macintosh; Intel Mac OS X 10_15_7) AppleWebKit/537.36 (KHTML, like Gecko) Chrome/100.0.4896.88 Safari/537.36"
::1 - - [16/Apr/2022:09:34:05 +0000] "GET /api/userview/premium HTTP/1.1" 304 - "http://localhost:3000/" "Mozilla/5.0 (Macintosh; Intel Mac OS X 10_15_7) AppleWebKit/537.36 (KHTML, like Gecko) Chrome/100.0.4896.88 Safari/537.36"
::1 - - [16/Apr/2022:09:34:05 +0000] "GET /api/users/theme HTTP/1.1" 304 - "http://localhost:3000/" "Mozilla/5.0 (Macintosh; Intel Mac OS X 10_15_7) AppleWebKit/537.36 (KHTML, like Gecko) Chrome/100.0.4896.88 Safari/537.36"
::1 - - [16/Apr/2022:09:34:05 +0000] "GET /api/count/user/all/ HTTP/1.1" 304 - "http://localhost:3000/" "Mozilla/5.0 (Macintosh; Intel Mac OS X 10_15_7) AppleWebKit/537.36 (KHTML, like Gecko) Chrome/100.0.4896.88 Safari/537.36"
::1 - - [16/Apr/2022:09:34:05 +0000] "GET /api/userview/details HTTP/1.1" 304 - "http://localhost:3000/user" "Mozilla/5.0 (Macintosh; Intel Mac OS X 10_15_7) AppleWebKit/537.36 (KHTML, like Gecko) Chrome/100.0.4896.88 Safari/537.36"
::1 - - [16/Apr/2022:09:37:02 +0000] "POST /api/view/login/ HTTP/1.1" 200 375 "http://localhost:3000/" "Mozilla/5.0 (Macintosh; Intel Mac OS X 10_15_7) AppleWebKit/537.36 (KHTML, like Gecko) Chrome/100.0.4896.88 Safari/537.36"
::1 - - [16/Apr/2022:09:37:02 +0000] "GET /api/users/theme HTTP/1.1" 304 - "http://localhost:3000/" "Mozilla/5.0 (Macintosh; Intel Mac OS X 10_15_7) AppleWebKit/537.36 (KHTML, like Gecko) Chrome/100.0.4896.88 Safari/537.36"
::1 - - [16/Apr/2022:09:37:02 +0000] "GET /api/count/user/all/ HTTP/1.1" 304 - "http://localhost:3000/" "Mozilla/5.0 (Macintosh; Intel Mac OS X 10_15_7) AppleWebKit/537.36 (KHTML, like Gecko) Chrome/100.0.4896.88 Safari/537.36"
::1 - - [16/Apr/2022:09:37:02 +0000] "GET /api/userview/premium HTTP/1.1" 304 - "http://localhost:3000/" "Mozilla/5.0 (Macintosh; Intel Mac OS X 10_15_7) AppleWebKit/537.36 (KHTML, like Gecko) Chrome/100.0.4896.88 Safari/537.36"
::1 - - [16/Apr/2022:09:37:31 +0000] "GET /api/userview/details HTTP/1.1" 304 - "http://localhost:3000/user" "Mozilla/5.0 (Macintosh; Intel Mac OS X 10_15_7) AppleWebKit/537.36 (KHTML, like Gecko) Chrome/100.0.4896.88 Safari/537.36"
::1 - - [16/Apr/2022:10:04:25 +0000] "POST /api/view/login/ HTTP/1.1" 200 375 "http://localhost:3000/" "Mozilla/5.0 (Macintosh; Intel Mac OS X 10_15_7) AppleWebKit/537.36 (KHTML, like Gecko) Chrome/100.0.4896.88 Safari/537.36"
::1 - - [16/Apr/2022:10:04:25 +0000] "GET /api/userview/premium HTTP/1.1" 304 - "http://localhost:3000/" "Mozilla/5.0 (Macintosh; Intel Mac OS X 10_15_7) AppleWebKit/537.36 (KHTML, like Gecko) Chrome/100.0.4896.88 Safari/537.36"
::1 - - [16/Apr/2022:10:04:25 +0000] "GET /api/users/theme HTTP/1.1" 304 - "http://localhost:3000/" "Mozilla/5.0 (Macintosh; Intel Mac OS X 10_15_7) AppleWebKit/537.36 (KHTML, like Gecko) Chrome/100.0.4896.88 Safari/537.36"
::1 - - [16/Apr/2022:10:04:25 +0000] "GET /api/count/user/all/ HTTP/1.1" 304 - "http://localhost:3000/" "Mozilla/5.0 (Macintosh; Intel Mac OS X 10_15_7) AppleWebKit/537.36 (KHTML, like Gecko) Chrome/100.0.4896.88 Safari/537.36"
::1 - - [16/Apr/2022:10:04:25 +0000] "GET /api/userview/details HTTP/1.1" 304 - "http://localhost:3000/user" "Mozilla/5.0 (Macintosh; Intel Mac OS X 10_15_7) AppleWebKit/537.36 (KHTML, like Gecko) Chrome/100.0.4896.88 Safari/537.36"
::1 - - [16/Apr/2022:10:09:34 +0000] "GET /api/userview/details HTTP/1.1" 304 - "http://localhost:3000/user" "Mozilla/5.0 (Macintosh; Intel Mac OS X 10_15_7) AppleWebKit/537.36 (KHTML, like Gecko) Chrome/100.0.4896.88 Safari/537.36"
::1 - - [16/Apr/2022:10:12:36 +0000] "GET /api/userview/details HTTP/1.1" 304 - "http://localhost:3000/user" "Mozilla/5.0 (Macintosh; Intel Mac OS X 10_15_7) AppleWebKit/537.36 (KHTML, like Gecko) Chrome/100.0.4896.88 Safari/537.36"
::1 - - [16/Apr/2022:10:14:24 +0000] "GET /api/userview/details HTTP/1.1" 304 - "http://localhost:3000/user" "Mozilla/5.0 (Macintosh; Intel Mac OS X 10_15_7) AppleWebKit/537.36 (KHTML, like Gecko) Chrome/100.0.4896.88 Safari/537.36"
::1 - - [16/Apr/2022:10:16:45 +0000] "GET /api/userview/details HTTP/1.1" 304 - "http://localhost:3000/user" "Mozilla/5.0 (Macintosh; Intel Mac OS X 10_15_7) AppleWebKit/537.36 (KHTML, like Gecko) Chrome/100.0.4896.88 Safari/537.36"
::1 - - [16/Apr/2022:10:19:23 +0000] "POST /api/view/login/ HTTP/1.1" 200 375 "http://localhost:3000/" "Mozilla/5.0 (Macintosh; Intel Mac OS X 10_15_7) AppleWebKit/537.36 (KHTML, like Gecko) Chrome/100.0.4896.88 Safari/537.36"
::1 - - [16/Apr/2022:10:19:23 +0000] "GET /api/userview/premium HTTP/1.1" 304 - "http://localhost:3000/" "Mozilla/5.0 (Macintosh; Intel Mac OS X 10_15_7) AppleWebKit/537.36 (KHTML, like Gecko) Chrome/100.0.4896.88 Safari/537.36"
::1 - - [16/Apr/2022:10:19:23 +0000] "GET /api/users/theme HTTP/1.1" 304 - "http://localhost:3000/" "Mozilla/5.0 (Macintosh; Intel Mac OS X 10_15_7) AppleWebKit/537.36 (KHTML, like Gecko) Chrome/100.0.4896.88 Safari/537.36"
::1 - - [16/Apr/2022:10:19:23 +0000] "GET /api/count/user/all/ HTTP/1.1" 304 - "http://localhost:3000/" "Mozilla/5.0 (Macintosh; Intel Mac OS X 10_15_7) AppleWebKit/537.36 (KHTML, like Gecko) Chrome/100.0.4896.88 Safari/537.36"
::1 - - [16/Apr/2022:10:19:23 +0000] "GET /api/userview/details HTTP/1.1" 304 - "http://localhost:3000/user" "Mozilla/5.0 (Macintosh; Intel Mac OS X 10_15_7) AppleWebKit/537.36 (KHTML, like Gecko) Chrome/100.0.4896.88 Safari/537.36"
::1 - - [16/Apr/2022:10:26:05 +0000] "POST /api/view/login/ HTTP/1.1" 200 375 "http://localhost:3000/" "Mozilla/5.0 (Macintosh; Intel Mac OS X 10_15_7) AppleWebKit/537.36 (KHTML, like Gecko) Chrome/100.0.4896.88 Safari/537.36"
::1 - - [16/Apr/2022:10:26:05 +0000] "GET /api/userview/premium HTTP/1.1" 304 - "http://localhost:3000/" "Mozilla/5.0 (Macintosh; Intel Mac OS X 10_15_7) AppleWebKit/537.36 (KHTML, like Gecko) Chrome/100.0.4896.88 Safari/537.36"
::1 - - [16/Apr/2022:10:26:05 +0000] "GET /api/users/theme HTTP/1.1" 304 - "http://localhost:3000/" "Mozilla/5.0 (Macintosh; Intel Mac OS X 10_15_7) AppleWebKit/537.36 (KHTML, like Gecko) Chrome/100.0.4896.88 Safari/537.36"
::1 - - [16/Apr/2022:10:26:06 +0000] "GET /api/count/user/all/ HTTP/1.1" 304 - "http://localhost:3000/" "Mozilla/5.0 (Macintosh; Intel Mac OS X 10_15_7) AppleWebKit/537.36 (KHTML, like Gecko) Chrome/100.0.4896.88 Safari/537.36"
::1 - - [16/Apr/2022:10:26:06 +0000] "GET /api/userview/details HTTP/1.1" 304 - "http://localhost:3000/user" "Mozilla/5.0 (Macintosh; Intel Mac OS X 10_15_7) AppleWebKit/537.36 (KHTML, like Gecko) Chrome/100.0.4896.88 Safari/537.36"
::1 - - [16/Apr/2022:10:32:19 +0000] "POST /api/view/login/ HTTP/1.1" 200 375 "http://localhost:3000/" "Mozilla/5.0 (Macintosh; Intel Mac OS X 10_15_7) AppleWebKit/537.36 (KHTML, like Gecko) Chrome/100.0.4896.88 Safari/537.36"
::1 - - [16/Apr/2022:10:32:19 +0000] "GET /api/userview/premium HTTP/1.1" 304 - "http://localhost:3000/" "Mozilla/5.0 (Macintosh; Intel Mac OS X 10_15_7) AppleWebKit/537.36 (KHTML, like Gecko) Chrome/100.0.4896.88 Safari/537.36"
::1 - - [16/Apr/2022:10:32:19 +0000] "GET /api/users/theme HTTP/1.1" 304 - "http://localhost:3000/" "Mozilla/5.0 (Macintosh; Intel Mac OS X 10_15_7) AppleWebKit/537.36 (KHTML, like Gecko) Chrome/100.0.4896.88 Safari/537.36"
::1 - - [16/Apr/2022:10:32:19 +0000] "GET /api/count/user/all/ HTTP/1.1" 304 - "http://localhost:3000/" "Mozilla/5.0 (Macintosh; Intel Mac OS X 10_15_7) AppleWebKit/537.36 (KHTML, like Gecko) Chrome/100.0.4896.88 Safari/537.36"
::1 - - [16/Apr/2022:10:32:20 +0000] "GET /api/userview/details HTTP/1.1" 304 - "http://localhost:3000/user" "Mozilla/5.0 (Macintosh; Intel Mac OS X 10_15_7) AppleWebKit/537.36 (KHTML, like Gecko) Chrome/100.0.4896.88 Safari/537.36"
::1 - - [16/Apr/2022:10:32:36 +0000] "POST /api/view/login/ HTTP/1.1" 200 375 "http://localhost:3000/" "Mozilla/5.0 (Macintosh; Intel Mac OS X 10_15_7) AppleWebKit/537.36 (KHTML, like Gecko) Chrome/100.0.4896.88 Safari/537.36"
::1 - - [16/Apr/2022:10:32:36 +0000] "GET /api/userview/premium HTTP/1.1" 304 - "http://localhost:3000/" "Mozilla/5.0 (Macintosh; Intel Mac OS X 10_15_7) AppleWebKit/537.36 (KHTML, like Gecko) Chrome/100.0.4896.88 Safari/537.36"
::1 - - [16/Apr/2022:10:32:36 +0000] "GET /api/users/theme HTTP/1.1" 304 - "http://localhost:3000/" "Mozilla/5.0 (Macintosh; Intel Mac OS X 10_15_7) AppleWebKit/537.36 (KHTML, like Gecko) Chrome/100.0.4896.88 Safari/537.36"
::1 - - [16/Apr/2022:10:32:36 +0000] "GET /api/count/user/all/ HTTP/1.1" 304 - "http://localhost:3000/" "Mozilla/5.0 (Macintosh; Intel Mac OS X 10_15_7) AppleWebKit/537.36 (KHTML, like Gecko) Chrome/100.0.4896.88 Safari/537.36"
::1 - - [16/Apr/2022:10:32:36 +0000] "GET /api/userview/details HTTP/1.1" 304 - "http://localhost:3000/user" "Mozilla/5.0 (Macintosh; Intel Mac OS X 10_15_7) AppleWebKit/537.36 (KHTML, like Gecko) Chrome/100.0.4896.88 Safari/537.36"
::1 - - [16/Apr/2022:10:33:53 +0000] "POST /api/view/login/ HTTP/1.1" 200 375 "http://localhost:3000/" "Mozilla/5.0 (Macintosh; Intel Mac OS X 10_15_7) AppleWebKit/537.36 (KHTML, like Gecko) Chrome/100.0.4896.88 Safari/537.36"
::1 - - [16/Apr/2022:10:33:53 +0000] "GET /api/users/theme HTTP/1.1" 304 - "http://localhost:3000/" "Mozilla/5.0 (Macintosh; Intel Mac OS X 10_15_7) AppleWebKit/537.36 (KHTML, like Gecko) Chrome/100.0.4896.88 Safari/537.36"
::1 - - [16/Apr/2022:10:33:53 +0000] "GET /api/userview/premium HTTP/1.1" 304 - "http://localhost:3000/" "Mozilla/5.0 (Macintosh; Intel Mac OS X 10_15_7) AppleWebKit/537.36 (KHTML, like Gecko) Chrome/100.0.4896.88 Safari/537.36"
::1 - - [16/Apr/2022:10:33:53 +0000] "GET /api/count/user/all/ HTTP/1.1" 304 - "http://localhost:3000/" "Mozilla/5.0 (Macintosh; Intel Mac OS X 10_15_7) AppleWebKit/537.36 (KHTML, like Gecko) Chrome/100.0.4896.88 Safari/537.36"
::1 - - [16/Apr/2022:10:33:53 +0000] "GET /api/userview/details HTTP/1.1" 304 - "http://localhost:3000/user" "Mozilla/5.0 (Macintosh; Intel Mac OS X 10_15_7) AppleWebKit/537.36 (KHTML, like Gecko) Chrome/100.0.4896.88 Safari/537.36"
::1 - - [16/Apr/2022:10:34:06 +0000] "GET /api/userview/details HTTP/1.1" 304 - "http://localhost:3000/user" "Mozilla/5.0 (Macintosh; Intel Mac OS X 10_15_7) AppleWebKit/537.36 (KHTML, like Gecko) Chrome/100.0.4896.88 Safari/537.36"
::1 - - [16/Apr/2022:10:36:53 +0000] "POST /api/view/login/ HTTP/1.1" 200 375 "http://localhost:3000/" "Mozilla/5.0 (Macintosh; Intel Mac OS X 10_15_7) AppleWebKit/537.36 (KHTML, like Gecko) Chrome/100.0.4896.88 Safari/537.36"
::1 - - [16/Apr/2022:10:36:53 +0000] "GET /api/userview/premium HTTP/1.1" 304 - "http://localhost:3000/" "Mozilla/5.0 (Macintosh; Intel Mac OS X 10_15_7) AppleWebKit/537.36 (KHTML, like Gecko) Chrome/100.0.4896.88 Safari/537.36"
::1 - - [16/Apr/2022:10:36:53 +0000] "GET /api/users/theme HTTP/1.1" 304 - "http://localhost:3000/" "Mozilla/5.0 (Macintosh; Intel Mac OS X 10_15_7) AppleWebKit/537.36 (KHTML, like Gecko) Chrome/100.0.4896.88 Safari/537.36"
::1 - - [16/Apr/2022:10:36:53 +0000] "GET /api/count/user/all/ HTTP/1.1" 304 - "http://localhost:3000/" "Mozilla/5.0 (Macintosh; Intel Mac OS X 10_15_7) AppleWebKit/537.36 (KHTML, like Gecko) Chrome/100.0.4896.88 Safari/537.36"
::1 - - [16/Apr/2022:10:36:53 +0000] "GET /api/userview/details HTTP/1.1" 304 - "http://localhost:3000/user" "Mozilla/5.0 (Macintosh; Intel Mac OS X 10_15_7) AppleWebKit/537.36 (KHTML, like Gecko) Chrome/100.0.4896.88 Safari/537.36"
::1 - - [16/Apr/2022:10:37:07 +0000] "POST /api/view/login/ HTTP/1.1" 200 375 "http://localhost:3000/" "Mozilla/5.0 (Macintosh; Intel Mac OS X 10_15_7) AppleWebKit/537.36 (KHTML, like Gecko) Chrome/100.0.4896.88 Safari/537.36"
::1 - - [16/Apr/2022:10:37:07 +0000] "GET /api/userview/premium HTTP/1.1" 304 - "http://localhost:3000/" "Mozilla/5.0 (Macintosh; Intel Mac OS X 10_15_7) AppleWebKit/537.36 (KHTML, like Gecko) Chrome/100.0.4896.88 Safari/537.36"
::1 - - [16/Apr/2022:10:37:07 +0000] "GET /api/users/theme HTTP/1.1" 304 - "http://localhost:3000/" "Mozilla/5.0 (Macintosh; Intel Mac OS X 10_15_7) AppleWebKit/537.36 (KHTML, like Gecko) Chrome/100.0.4896.88 Safari/537.36"
::1 - - [16/Apr/2022:10:37:07 +0000] "GET /api/count/user/all/ HTTP/1.1" 304 - "http://localhost:3000/" "Mozilla/5.0 (Macintosh; Intel Mac OS X 10_15_7) AppleWebKit/537.36 (KHTML, like Gecko) Chrome/100.0.4896.88 Safari/537.36"
::1 - - [16/Apr/2022:10:37:07 +0000] "GET /api/userview/details HTTP/1.1" 304 - "http://localhost:3000/user" "Mozilla/5.0 (Macintosh; Intel Mac OS X 10_15_7) AppleWebKit/537.36 (KHTML, like Gecko) Chrome/100.0.4896.88 Safari/537.36"
::1 - - [16/Apr/2022:10:37:26 +0000] "POST /api/view/login/ HTTP/1.1" 200 375 "http://localhost:3000/" "Mozilla/5.0 (Macintosh; Intel Mac OS X 10_15_7) AppleWebKit/537.36 (KHTML, like Gecko) Chrome/100.0.4896.88 Safari/537.36"
::1 - - [16/Apr/2022:10:37:26 +0000] "GET /api/userview/premium HTTP/1.1" 304 - "http://localhost:3000/" "Mozilla/5.0 (Macintosh; Intel Mac OS X 10_15_7) AppleWebKit/537.36 (KHTML, like Gecko) Chrome/100.0.4896.88 Safari/537.36"
::1 - - [16/Apr/2022:10:37:26 +0000] "GET /api/users/theme HTTP/1.1" 304 - "http://localhost:3000/" "Mozilla/5.0 (Macintosh; Intel Mac OS X 10_15_7) AppleWebKit/537.36 (KHTML, like Gecko) Chrome/100.0.4896.88 Safari/537.36"
::1 - - [16/Apr/2022:10:37:26 +0000] "GET /api/count/user/all/ HTTP/1.1" 304 - "http://localhost:3000/" "Mozilla/5.0 (Macintosh; Intel Mac OS X 10_15_7) AppleWebKit/537.36 (KHTML, like Gecko) Chrome/100.0.4896.88 Safari/537.36"
::1 - - [16/Apr/2022:10:37:27 +0000] "GET /api/userview/details HTTP/1.1" 304 - "http://localhost:3000/user" "Mozilla/5.0 (Macintosh; Intel Mac OS X 10_15_7) AppleWebKit/537.36 (KHTML, like Gecko) Chrome/100.0.4896.88 Safari/537.36"
::1 - - [16/Apr/2022:10:37:31 +0000] "GET /api/userview/details HTTP/1.1" 304 - "http://localhost:3000/user" "Mozilla/5.0 (Macintosh; Intel Mac OS X 10_15_7) AppleWebKit/537.36 (KHTML, like Gecko) Chrome/100.0.4896.88 Safari/537.36"
::1 - - [16/Apr/2022:10:39:49 +0000] "GET /api/userview/details HTTP/1.1" 304 - "http://localhost:3000/user" "Mozilla/5.0 (Macintosh; Intel Mac OS X 10_15_7) AppleWebKit/537.36 (KHTML, like Gecko) Chrome/100.0.4896.88 Safari/537.36"
::1 - - [16/Apr/2022:10:57:40 +0000] "GET /api/userview/details HTTP/1.1" 304 - "http://localhost:3000/user" "Mozilla/5.0 (Macintosh; Intel Mac OS X 10_15_7) AppleWebKit/537.36 (KHTML, like Gecko) Chrome/100.0.4896.88 Safari/537.36"
::1 - - [16/Apr/2022:11:13:18 +0000] "GET /api/userview/details HTTP/1.1" 304 - "http://localhost:3000/user" "Mozilla/5.0 (Macintosh; Intel Mac OS X 10_15_7) AppleWebKit/537.36 (KHTML, like Gecko) Chrome/100.0.4896.88 Safari/537.36"
::1 - - [16/Apr/2022:11:15:11 +0000] "GET /api/userview/details HTTP/1.1" 304 - "http://localhost:3000/user" "Mozilla/5.0 (Macintosh; Intel Mac OS X 10_15_7) AppleWebKit/537.36 (KHTML, like Gecko) Chrome/100.0.4896.88 Safari/537.36"
