::1 - - [12/Apr/2022:08:18:51 +0000] "POST /api/view/forgot/ HTTP/1.1" 500 21 "http://localhost:3000/forgot" "Mozilla/5.0 (Macintosh; Intel Mac OS X 10_15_7) AppleWebKit/537.36 (KHTML, like Gecko) Chrome/100.0.4896.75 Safari/537.36"
::1 - - [12/Apr/2022:08:21:05 +0000] "POST /api/view/forgot/ HTTP/1.1" 500 21 "http://localhost:3000/forgot" "Mozilla/5.0 (Macintosh; Intel Mac OS X 10_15_7) AppleWebKit/537.36 (KHTML, like Gecko) Chrome/100.0.4896.75 Safari/537.36"
::1 - - [12/Apr/2022:08:22:02 +0000] "POST /api/view/forgot/ HTTP/1.1" 500 21 "http://localhost:3000/forgot" "Mozilla/5.0 (Macintosh; Intel Mac OS X 10_15_7) AppleWebKit/537.36 (KHTML, like Gecko) Chrome/100.0.4896.75 Safari/537.36"
::1 - - [12/Apr/2022:08:22:06 +0000] "POST /api/view/forgot/ HTTP/1.1" 500 21 "http://localhost:3000/forgot" "Mozilla/5.0 (Macintosh; Intel Mac OS X 10_15_7) AppleWebKit/537.36 (KHTML, like Gecko) Chrome/100.0.4896.75 Safari/537.36"
::1 - - [12/Apr/2022:08:22:29 +0000] "POST /api/view/forgot/ HTTP/1.1" 500 21 "http://localhost:3000/forgot" "Mozilla/5.0 (Macintosh; Intel Mac OS X 10_15_7) AppleWebKit/537.36 (KHTML, like Gecko) Chrome/100.0.4896.75 Safari/537.36"
::1 - - [12/Apr/2022:08:23:28 +0000] "POST /api/view/forgot/ HTTP/1.1" 500 21 "http://localhost:3000/forgot" "Mozilla/5.0 (Macintosh; Intel Mac OS X 10_15_7) AppleWebKit/537.36 (KHTML, like Gecko) Chrome/100.0.4896.75 Safari/537.36"
::1 - - [12/Apr/2022:08:26:20 +0000] "POST /api/view/forgot/ HTTP/1.1" 500 21 "http://localhost:3000/forgot" "Mozilla/5.0 (Macintosh; Intel Mac OS X 10_15_7) AppleWebKit/537.36 (KHTML, like Gecko) Chrome/100.0.4896.75 Safari/537.36"
::1 - - [12/Apr/2022:08:26:57 +0000] "GET /api/view/forgot HTTP/1.1" 404 154 "-" "PostmanRuntime/7.29.0"
::1 - - [12/Apr/2022:08:27:01 +0000] "POST /api/view/forgot HTTP/1.1" 500 21 "-" "PostmanRuntime/7.29.0"
::1 - - [12/Apr/2022:08:27:36 +0000] "POST /api/view/forgot HTTP/1.1" 200 2 "-" "PostmanRuntime/7.29.0"
::1 - - [12/Apr/2022:08:29:28 +0000] "POST /api/view/forgot HTTP/1.1" 200 2 "-" "PostmanRuntime/7.29.0"
::1 - - [12/Apr/2022:08:29:38 +0000] "POST /api/view/forgot HTTP/1.1" 200 18 "-" "PostmanRuntime/7.29.0"
::1 - - [12/Apr/2022:08:29:54 +0000] "POST /api/view/forgot HTTP/1.1" 200 18 "-" "PostmanRuntime/7.29.0"
::1 - - [12/Apr/2022:08:31:04 +0000] "POST /api/view/forgot/ HTTP/1.1" 200 21 "http://localhost:3000/forgot" "Mozilla/5.0 (Macintosh; Intel Mac OS X 10_15_7) AppleWebKit/537.36 (KHTML, like Gecko) Chrome/100.0.4896.75 Safari/537.36"
::1 - - [12/Apr/2022:08:31:53 +0000] "POST /api/view/forgot/ HTTP/1.1" 404 2 "http://localhost:3000/forgot" "Mozilla/5.0 (Macintosh; Intel Mac OS X 10_15_7) AppleWebKit/537.36 (KHTML, like Gecko) Chrome/100.0.4896.75 Safari/537.36"
::1 - - [12/Apr/2022:08:33:07 +0000] "POST /api/view/forgot HTTP/1.1" 404 2 "-" "PostmanRuntime/7.29.0"
::1 - - [12/Apr/2022:08:34:24 +0000] "POST /api/view/forgot HTTP/1.1" 404 44 "-" "PostmanRuntime/7.29.0"
::1 - - [12/Apr/2022:08:34:49 +0000] "POST /api/view/forgot HTTP/1.1" 404 49 "-" "PostmanRuntime/7.29.0"
::1 - - [12/Apr/2022:08:37:41 +0000] "POST /api/view/forgot HTTP/1.1" 500 228 "-" "PostmanRuntime/7.29.0"
::1 - - [12/Apr/2022:08:41:49 +0000] "POST /api/view/forgot HTTP/1.1" 500 270 "-" "PostmanRuntime/7.29.0"
::1 - - [12/Apr/2022:08:42:30 +0000] "POST /api/view/forgot HTTP/1.1" 200 1 "-" "PostmanRuntime/7.29.0"
::1 - - [12/Apr/2022:08:45:52 +0000] "POST /api/view/forgot HTTP/1.1" 200 1 "-" "PostmanRuntime/7.29.0"
::1 - - [12/Apr/2022:08:47:16 +0000] "POST /api/view/confirm HTTP/1.1" 200 26 "http://localhost:3000/confirm?auth=yes&refer=124b0a060d0c4b534b1a5b5f0a1f054b454b1c1a0c1b0708040c4b534b040605081b104b14" "Mozilla/5.0 (Macintosh; Intel Mac OS X 10_15_7) AppleWebKit/537.36 (KHTML, like Gecko) Chrome/100.0.4896.75 Safari/537.36"
::1 - - [12/Apr/2022:17:19:24 +0000] "POST /api/view/login/ HTTP/1.1" 200 378 "http://localhost:3000/" "Mozilla/5.0 (Macintosh; Intel Mac OS X 10_15_7) AppleWebKit/537.36 (KHTML, like Gecko) Chrome/100.0.4896.75 Safari/537.36"
::1 - - [12/Apr/2022:17:19:24 +0000] "GET /api/admin/theme HTTP/1.1" 304 - "http://localhost:3000/" "Mozilla/5.0 (Macintosh; Intel Mac OS X 10_15_7) AppleWebKit/537.36 (KHTML, like Gecko) Chrome/100.0.4896.75 Safari/537.36"
::1 - - [12/Apr/2022:17:19:24 +0000] "GET /api/count/provider/all/ HTTP/1.1" 304 - "http://localhost:3000/" "Mozilla/5.0 (Macintosh; Intel Mac OS X 10_15_7) AppleWebKit/537.36 (KHTML, like Gecko) Chrome/100.0.4896.75 Safari/537.36"
::1 - - [12/Apr/2022:17:19:24 +0000] "POST /api/signals/providers HTTP/1.1" 200 3876 "http://localhost:3000/sp" "Mozilla/5.0 (Macintosh; Intel Mac OS X 10_15_7) AppleWebKit/537.36 (KHTML, like Gecko) Chrome/100.0.4896.75 Safari/537.36"
::1 - - [12/Apr/2022:17:19:24 +0000] "GET /api/signals/currencies HTTP/1.1" 304 - "http://localhost:3000/sp" "Mozilla/5.0 (Macintosh; Intel Mac OS X 10_15_7) AppleWebKit/537.36 (KHTML, like Gecko) Chrome/100.0.4896.75 Safari/537.36"
::1 - - [12/Apr/2022:17:19:25 +0000] "GET /api/signals/followers HTTP/1.1" 304 - "http://localhost:3000/sp" "Mozilla/5.0 (Macintosh; Intel Mac OS X 10_15_7) AppleWebKit/537.36 (KHTML, like Gecko) Chrome/100.0.4896.75 Safari/537.36"
::1 - - [12/Apr/2022:17:19:33 +0000] "POST /api/signals/update/:10 HTTP/1.1" 404 816 "http://localhost:3000/sp" "Mozilla/5.0 (Macintosh; Intel Mac OS X 10_15_7) AppleWebKit/537.36 (KHTML, like Gecko) Chrome/100.0.4896.75 Safari/537.36"
::1 - - [12/Apr/2022:17:20:27 +0000] "POST /api/signals/update/:10 HTTP/1.1" 404 2 "http://localhost:3000/sp" "Mozilla/5.0 (Macintosh; Intel Mac OS X 10_15_7) AppleWebKit/537.36 (KHTML, like Gecko) Chrome/100.0.4896.75 Safari/537.36"
::1 - - [12/Apr/2022:17:28:09 +0000] "POST /api/signal/update/10 HTTP/1.1" 404 160 "-" "PostmanRuntime/7.29.0"
::1 - - [12/Apr/2022:17:28:21 +0000] "POST /api/signal/update/:10 HTTP/1.1" 404 161 "-" "PostmanRuntime/7.29.0"
::1 - - [12/Apr/2022:17:28:41 +0000] "POST /api/signals/update/:10 HTTP/1.1" 404 2 "-" "PostmanRuntime/7.29.0"
::1 - - [12/Apr/2022:17:29:39 +0000] "POST /api/signals/update/:10 HTTP/1.1" 404 45 "-" "PostmanRuntime/7.29.0"
::1 - - [12/Apr/2022:17:30:34 +0000] "POST /api/signals/update/:10 HTTP/1.1" 404 45 "-" "PostmanRuntime/7.29.0"
::1 - - [12/Apr/2022:17:31:09 +0000] "POST /api/signals/update/:10 HTTP/1.1" 200 131 "-" "PostmanRuntime/7.29.0"
::1 - - [12/Apr/2022:17:31:32 +0000] "POST /api/signals/update/:10 HTTP/1.1" 200 58 "-" "PostmanRuntime/7.29.0"
::1 - - [12/Apr/2022:17:32:02 +0000] "POST /api/signals/update/:10 HTTP/1.1" 200 54 "-" "PostmanRuntime/7.29.0"
::1 - - [12/Apr/2022:17:33:29 +0000] "POST /api/signals/update/:10 HTTP/1.1" 404 45 "-" "PostmanRuntime/7.29.0"
::1 - - [12/Apr/2022:17:34:06 +0000] "POST /api/signals/update/:10 HTTP/1.1" 404 45 "-" "PostmanRuntime/7.29.0"
::1 - - [12/Apr/2022:17:34:08 +0000] "POST /api/signals/update/:10 HTTP/1.1" 404 45 "-" "PostmanRuntime/7.29.0"
::1 - - [12/Apr/2022:17:34:10 +0000] "POST /api/signals/update/:10 HTTP/1.1" 404 45 "-" "PostmanRuntime/7.29.0"
::1 - - [12/Apr/2022:17:34:14 +0000] "POST /api/signals/update/:10 HTTP/1.1" 404 45 "-" "PostmanRuntime/7.29.0"
::1 - - [12/Apr/2022:17:36:34 +0000] "POST /api/signals/update/:10 HTTP/1.1" 404 64 "-" "PostmanRuntime/7.29.0"
::1 - - [12/Apr/2022:17:37:09 +0000] "POST /api/signals/update/:10 HTTP/1.1" 404 45 "-" "PostmanRuntime/7.29.0"
::1 - - [12/Apr/2022:17:37:30 +0000] "POST /api/signals/update/:10 HTTP/1.1" 404 76 "-" "PostmanRuntime/7.29.0"
::1 - - [12/Apr/2022:17:39:00 +0000] "POST /api/signals/update/:10 HTTP/1.1" 404 64 "-" "PostmanRuntime/7.29.0"
::1 - - [12/Apr/2022:17:40:21 +0000] "POST /api/signals/update/:10 HTTP/1.1" 200 131 "-" "PostmanRuntime/7.29.0"
::1 - - [12/Apr/2022:17:41:10 +0000] "POST /api/signals/update/:10 HTTP/1.1" 404 76 "-" "PostmanRuntime/7.29.0"
::1 - - [12/Apr/2022:17:41:24 +0000] "POST /api/signals/update/:10 HTTP/1.1" 404 76 "-" "PostmanRuntime/7.29.0"
::1 - - [12/Apr/2022:17:43:11 +0000] "POST /api/signals/update/:10 HTTP/1.1" 404 64 "-" "PostmanRuntime/7.29.0"
::1 - - [12/Apr/2022:17:44:37 +0000] "POST /api/signals/update/:10 HTTP/1.1" 404 45 "-" "PostmanRuntime/7.29.0"
::1 - - [12/Apr/2022:17:46:46 +0000] "POST /api/signals/update/:10 HTTP/1.1" 404 45 "-" "PostmanRuntime/7.29.0"
::1 - - [12/Apr/2022:17:47:16 +0000] "POST /api/signals/update/:10 HTTP/1.1" 404 76 "-" "PostmanRuntime/7.29.0"
::1 - - [12/Apr/2022:17:47:31 +0000] "POST /api/signals/update/:10 HTTP/1.1" 404 45 "-" "PostmanRuntime/7.29.0"
::1 - - [12/Apr/2022:17:50:17 +0000] "POST /api/signals/update/:10 HTTP/1.1" 404 45 "-" "PostmanRuntime/7.29.0"
::1 - - [12/Apr/2022:17:50:41 +0000] "POST /api/signals/update/:10 HTTP/1.1" 404 45 "-" "PostmanRuntime/7.29.0"
::1 - - [12/Apr/2022:17:51:41 +0000] "POST /api/signals/update/:10 HTTP/1.1" 404 45 "-" "PostmanRuntime/7.29.0"
::1 - - [12/Apr/2022:17:52:02 +0000] "POST /api/signals/update/:10 HTTP/1.1" 404 64 "-" "PostmanRuntime/7.29.0"
::1 - - [12/Apr/2022:17:53:57 +0000] "POST /api/signals/update/:10 HTTP/1.1" 200 16331 "-" "PostmanRuntime/7.29.0"
::1 - - [12/Apr/2022:17:54:09 +0000] "POST /api/signals/update/:10 HTTP/1.1" 200 16331 "-" "PostmanRuntime/7.29.0"
::1 - - [12/Apr/2022:17:54:12 +0000] "POST /api/signals/update/:10 HTTP/1.1" 200 16331 "-" "PostmanRuntime/7.29.0"
::1 - - [12/Apr/2022:17:55:01 +0000] "POST /api/signals/update/:10 HTTP/1.1" 404 45 "-" "PostmanRuntime/7.29.0"
::1 - - [12/Apr/2022:17:57:43 +0000] "POST /api/signals/update/:10 HTTP/1.1" 404 45 "-" "PostmanRuntime/7.29.0"
::1 - - [12/Apr/2022:17:59:03 +0000] "POST /api/signals/update/:10 HTTP/1.1" 404 45 "-" "PostmanRuntime/7.29.0"
::1 - - [12/Apr/2022:17:59:26 +0000] "POST /api/signals/update/:10 HTTP/1.1" 404 45 "-" "PostmanRuntime/7.29.0"
::1 - - [12/Apr/2022:18:00:05 +0000] "POST /api/signals/update/:10 HTTP/1.1" 404 45 "-" "PostmanRuntime/7.29.0"
::1 - - [12/Apr/2022:18:00:48 +0000] "POST /api/signals/update/:10 HTTP/1.1" 404 43 "-" "PostmanRuntime/7.29.0"
::1 - - [12/Apr/2022:18:01:17 +0000] "POST /api/signals/update/:10 HTTP/1.1" 200 64420 "-" "PostmanRuntime/7.29.0"
::1 - - [12/Apr/2022:18:03:35 +0000] "POST /api/signals/update/:10 HTTP/1.1" 404 45 "-" "PostmanRuntime/7.29.0"
::1 - - [12/Apr/2022:18:03:59 +0000] "POST /api/signals/update/:10 HTTP/1.1" 200 64413 "-" "PostmanRuntime/7.29.0"
::1 - - [12/Apr/2022:18:06:33 +0000] "POST /api/signals/update/:10 HTTP/1.1" 200 64443 "-" "PostmanRuntime/7.29.0"
::1 - - [12/Apr/2022:18:08:09 +0000] "POST /api/signals/update/:10 HTTP/1.1" 200 64415 "-" "PostmanRuntime/7.29.0"
::1 - - [12/Apr/2022:18:10:31 +0000] "POST /api/signals/update/:10 HTTP/1.1" 200 65249 "-" "PostmanRuntime/7.29.0"
::1 - - [12/Apr/2022:18:14:07 +0000] "POST /api/signals/update/:10 HTTP/1.1" 200 4 "-" "PostmanRuntime/7.29.0"
::1 - - [12/Apr/2022:18:18:24 +0000] "POST /api/signals/update/:10 HTTP/1.1" 404 41 "-" "PostmanRuntime/7.29.0"
::1 - - [12/Apr/2022:18:19:21 +0000] "POST /api/signals/update/:10 HTTP/1.1" 200 4 "-" "PostmanRuntime/7.29.0"
::1 - - [12/Apr/2022:18:30:17 +0000] "GET /api/signals/currencies HTTP/1.1" 304 - "http://localhost:3000/sp" "Mozilla/5.0 (Macintosh; Intel Mac OS X 10_15_7) AppleWebKit/537.36 (KHTML, like Gecko) Chrome/100.0.4896.75 Safari/537.36"
::1 - - [12/Apr/2022:18:30:17 +0000] "POST /api/signals/providers HTTP/1.1" 200 3874 "http://localhost:3000/sp" "Mozilla/5.0 (Macintosh; Intel Mac OS X 10_15_7) AppleWebKit/537.36 (KHTML, like Gecko) Chrome/100.0.4896.75 Safari/537.36"
::1 - - [12/Apr/2022:18:30:17 +0000] "GET /api/signals/followers HTTP/1.1" 304 - "http://localhost:3000/sp" "Mozilla/5.0 (Macintosh; Intel Mac OS X 10_15_7) AppleWebKit/537.36 (KHTML, like Gecko) Chrome/100.0.4896.75 Safari/537.36"
::1 - - [12/Apr/2022:18:30:39 +0000] "POST /api/signals/update/:7 HTTP/1.1" 200 4 "http://localhost:3000/sp" "Mozilla/5.0 (Macintosh; Intel Mac OS X 10_15_7) AppleWebKit/537.36 (KHTML, like Gecko) Chrome/100.0.4896.75 Safari/537.36"
::1 - - [12/Apr/2022:18:30:49 +0000] "POST /api/signals/update/:9 HTTP/1.1" 200 4 "http://localhost:3000/sp" "Mozilla/5.0 (Macintosh; Intel Mac OS X 10_15_7) AppleWebKit/537.36 (KHTML, like Gecko) Chrome/100.0.4896.75 Safari/537.36"
::1 - - [12/Apr/2022:18:30:50 +0000] "POST /api/signals/providers HTTP/1.1" 200 3873 "http://localhost:3000/sp" "Mozilla/5.0 (Macintosh; Intel Mac OS X 10_15_7) AppleWebKit/537.36 (KHTML, like Gecko) Chrome/100.0.4896.75 Safari/537.36"
::1 - - [12/Apr/2022:19:01:22 +0000] "POST /api/signals/add HTTP/1.1" 404 2 "-" "PostmanRuntime/7.29.0"
::1 - - [12/Apr/2022:19:03:09 +0000] "POST /api/signals/add HTTP/1.1" 404 2 "-" "PostmanRuntime/7.29.0"
::1 - - [12/Apr/2022:19:04:09 +0000] "POST /api/signals/add HTTP/1.1" 404 73 "-" "PostmanRuntime/7.29.0"
::1 - - [12/Apr/2022:19:04:50 +0000] "POST /api/signals/add HTTP/1.1" 404 83 "-" "PostmanRuntime/7.29.0"
::1 - - [12/Apr/2022:19:05:03 +0000] "POST /api/signals/add HTTP/1.1" 400 56 "-" "PostmanRuntime/7.29.0"
::1 - - [12/Apr/2022:19:06:25 +0000] "POST /api/signals/add HTTP/1.1" 200 221 "-" "PostmanRuntime/7.29.0"
::1 - - [12/Apr/2022:19:08:07 +0000] "POST /api/signals/add HTTP/1.1" 400 100 "-" "PostmanRuntime/7.29.0"
::1 - - [12/Apr/2022:19:08:23 +0000] "POST /api/signals/add HTTP/1.1" 404 55 "-" "PostmanRuntime/7.29.0"
::1 - - [12/Apr/2022:19:12:02 +0000] "POST /api/signals/add HTTP/1.1" 400 56 "http://localhost:3000/sp" "Mozilla/5.0 (Macintosh; Intel Mac OS X 10_15_7) AppleWebKit/537.36 (KHTML, like Gecko) Chrome/100.0.4896.75 Safari/537.36"
::1 - - [12/Apr/2022:19:23:11 +0000] "GET /api/signals/currencies HTTP/1.1" 304 - "http://localhost:3000/sp" "Mozilla/5.0 (Macintosh; Intel Mac OS X 10_15_7) AppleWebKit/537.36 (KHTML, like Gecko) Chrome/100.0.4896.75 Safari/537.36"
::1 - - [12/Apr/2022:19:23:11 +0000] "POST /api/signals/providers HTTP/1.1" 200 4601 "http://localhost:3000/sp" "Mozilla/5.0 (Macintosh; Intel Mac OS X 10_15_7) AppleWebKit/537.36 (KHTML, like Gecko) Chrome/100.0.4896.75 Safari/537.36"
::1 - - [12/Apr/2022:19:23:11 +0000] "GET /api/signals/followers HTTP/1.1" 304 - "http://localhost:3000/sp" "Mozilla/5.0 (Macintosh; Intel Mac OS X 10_15_7) AppleWebKit/537.36 (KHTML, like Gecko) Chrome/100.0.4896.75 Safari/537.36"
::1 - - [12/Apr/2022:19:23:56 +0000] "POST /api/signals/providers HTTP/1.1" 200 3873 "http://localhost:3000/sp" "Mozilla/5.0 (Macintosh; Intel Mac OS X 10_15_7) AppleWebKit/537.36 (KHTML, like Gecko) Chrome/100.0.4896.75 Safari/537.36"
::1 - - [12/Apr/2022:19:23:56 +0000] "GET /api/signals/followers HTTP/1.1" 304 - "http://localhost:3000/sp" "Mozilla/5.0 (Macintosh; Intel Mac OS X 10_15_7) AppleWebKit/537.36 (KHTML, like Gecko) Chrome/100.0.4896.75 Safari/537.36"
::1 - - [12/Apr/2022:19:23:56 +0000] "GET /api/signals/currencies HTTP/1.1" 304 - "http://localhost:3000/sp" "Mozilla/5.0 (Macintosh; Intel Mac OS X 10_15_7) AppleWebKit/537.36 (KHTML, like Gecko) Chrome/100.0.4896.75 Safari/537.36"
::1 - - [12/Apr/2022:19:24:20 +0000] "POST /api/signals/add HTTP/1.1" 404 55 "http://localhost:3000/sp" "Mozilla/5.0 (Macintosh; Intel Mac OS X 10_15_7) AppleWebKit/537.36 (KHTML, like Gecko) Chrome/100.0.4896.75 Safari/537.36"
::1 - - [12/Apr/2022:19:25:28 +0000] "GET /api/signals/currencies HTTP/1.1" 304 - "http://localhost:3000/sp" "Mozilla/5.0 (Macintosh; Intel Mac OS X 10_15_7) AppleWebKit/537.36 (KHTML, like Gecko) Chrome/100.0.4896.75 Safari/537.36"
::1 - - [12/Apr/2022:19:25:28 +0000] "GET /api/signals/followers HTTP/1.1" 304 - "http://localhost:3000/sp" "Mozilla/5.0 (Macintosh; Intel Mac OS X 10_15_7) AppleWebKit/537.36 (KHTML, like Gecko) Chrome/100.0.4896.75 Safari/537.36"
::1 - - [12/Apr/2022:19:25:28 +0000] "POST /api/signals/providers HTTP/1.1" 200 4269 "http://localhost:3000/sp" "Mozilla/5.0 (Macintosh; Intel Mac OS X 10_15_7) AppleWebKit/537.36 (KHTML, like Gecko) Chrome/100.0.4896.75 Safari/537.36"
::1 - - [12/Apr/2022:19:25:52 +0000] "POST /api/signals/add HTTP/1.1" 400 100 "http://localhost:3000/sp" "Mozilla/5.0 (Macintosh; Intel Mac OS X 10_15_7) AppleWebKit/537.36 (KHTML, like Gecko) Chrome/100.0.4896.75 Safari/537.36"
::1 - - [12/Apr/2022:19:26:08 +0000] "GET /api/signals/currencies HTTP/1.1" 304 - "http://localhost:3000/sp" "Mozilla/5.0 (Macintosh; Intel Mac OS X 10_15_7) AppleWebKit/537.36 (KHTML, like Gecko) Chrome/100.0.4896.75 Safari/537.36"
::1 - - [12/Apr/2022:19:26:08 +0000] "POST /api/signals/providers HTTP/1.1" 200 4269 "http://localhost:3000/sp" "Mozilla/5.0 (Macintosh; Intel Mac OS X 10_15_7) AppleWebKit/537.36 (KHTML, like Gecko) Chrome/100.0.4896.75 Safari/537.36"
::1 - - [12/Apr/2022:19:26:08 +0000] "GET /api/signals/followers HTTP/1.1" 304 - "http://localhost:3000/sp" "Mozilla/5.0 (Macintosh; Intel Mac OS X 10_15_7) AppleWebKit/537.36 (KHTML, like Gecko) Chrome/100.0.4896.75 Safari/537.36"
::1 - - [12/Apr/2022:19:26:28 +0000] "POST /api/signals/add HTTP/1.1" 400 100 "http://localhost:3000/sp" "Mozilla/5.0 (Macintosh; Intel Mac OS X 10_15_7) AppleWebKit/537.36 (KHTML, like Gecko) Chrome/100.0.4896.75 Safari/537.36"
::1 - - [12/Apr/2022:19:27:19 +0000] "POST /api/signals/add HTTP/1.1" 200 4 "http://localhost:3000/sp" "Mozilla/5.0 (Macintosh; Intel Mac OS X 10_15_7) AppleWebKit/537.36 (KHTML, like Gecko) Chrome/100.0.4896.75 Safari/537.36"
::1 - - [12/Apr/2022:19:27:19 +0000] "POST /api/signals/providers HTTP/1.1" 200 4669 "http://localhost:3000/sp" "Mozilla/5.0 (Macintosh; Intel Mac OS X 10_15_7) AppleWebKit/537.36 (KHTML, like Gecko) Chrome/100.0.4896.75 Safari/537.36"
::1 - - [12/Apr/2022:19:27:19 +0000] "GET /api/count/provider/all/ HTTP/1.1" 200 14 "http://localhost:3000/sp" "Mozilla/5.0 (Macintosh; Intel Mac OS X 10_15_7) AppleWebKit/537.36 (KHTML, like Gecko) Chrome/100.0.4896.75 Safari/537.36"
::1 - - [12/Apr/2022:19:34:06 +0000] "POST /api/view/email/ HTTP/1.1" 200 38 "http://localhost:3000/register" "Mozilla/5.0 (Macintosh; Intel Mac OS X 10_15_7) AppleWebKit/537.36 (KHTML, like Gecko) Chrome/100.0.4896.75 Safari/537.36"
::1 - - [12/Apr/2022:19:34:16 +0000] "POST /api/view/username/ HTTP/1.1" 200 33 "http://localhost:3000/register" "Mozilla/5.0 (Macintosh; Intel Mac OS X 10_15_7) AppleWebKit/537.36 (KHTML, like Gecko) Chrome/100.0.4896.75 Safari/537.36"
::1 - - [12/Apr/2022:19:34:26 +0000] "POST /api/view/register/ HTTP/1.1" 500 21 "http://localhost:3000/register" "Mozilla/5.0 (Macintosh; Intel Mac OS X 10_15_7) AppleWebKit/537.36 (KHTML, like Gecko) Chrome/100.0.4896.75 Safari/537.36"
::1 - - [12/Apr/2022:19:34:30 +0000] "POST /api/view/username/ HTTP/1.1" 200 33 "http://localhost:3000/register" "Mozilla/5.0 (Macintosh; Intel Mac OS X 10_15_7) AppleWebKit/537.36 (KHTML, like Gecko) Chrome/100.0.4896.75 Safari/537.36"
::1 - - [12/Apr/2022:19:39:35 +0000] "POST /api/view/email/ HTTP/1.1" 200 38 "http://localhost:3000/register" "Mozilla/5.0 (Macintosh; Intel Mac OS X 10_15_7) AppleWebKit/537.36 (KHTML, like Gecko) Chrome/100.0.4896.75 Safari/537.36"
::1 - - [12/Apr/2022:19:39:46 +0000] "POST /api/view/username/ HTTP/1.1" 200 33 "http://localhost:3000/register" "Mozilla/5.0 (Macintosh; Intel Mac OS X 10_15_7) AppleWebKit/537.36 (KHTML, like Gecko) Chrome/100.0.4896.75 Safari/537.36"
::1 - - [12/Apr/2022:19:42:02 +0000] "POST /api/view/email/ HTTP/1.1" 200 38 "http://localhost:3000/register" "Mozilla/5.0 (Macintosh; Intel Mac OS X 10_15_7) AppleWebKit/537.36 (KHTML, like Gecko) Chrome/100.0.4896.75 Safari/537.36"
::1 - - [12/Apr/2022:19:42:13 +0000] "POST /api/view/username/ HTTP/1.1" 200 33 "http://localhost:3000/register" "Mozilla/5.0 (Macintosh; Intel Mac OS X 10_15_7) AppleWebKit/537.36 (KHTML, like Gecko) Chrome/100.0.4896.75 Safari/537.36"
::1 - - [12/Apr/2022:19:44:02 +0000] "POST /api/view/referral/ HTTP/1.1" 200 48 "http://localhost:3000/register" "Mozilla/5.0 (Macintosh; Intel Mac OS X 10_15_7) AppleWebKit/537.36 (KHTML, like Gecko) Chrome/100.0.4896.75 Safari/537.36"
::1 - - [12/Apr/2022:19:47:58 +0000] "POST /api/view/email/ HTTP/1.1" 200 38 "http://localhost:3000/register" "Mozilla/5.0 (Macintosh; Intel Mac OS X 10_15_7) AppleWebKit/537.36 (KHTML, like Gecko) Chrome/100.0.4896.75 Safari/537.36"
::1 - - [12/Apr/2022:19:48:10 +0000] "POST /api/view/username/ HTTP/1.1" 200 33 "http://localhost:3000/register" "Mozilla/5.0 (Macintosh; Intel Mac OS X 10_15_7) AppleWebKit/537.36 (KHTML, like Gecko) Chrome/100.0.4896.75 Safari/537.36"
::1 - - [12/Apr/2022:19:50:58 +0000] "POST /api/view/email/ HTTP/1.1" 200 38 "http://localhost:3000/register" "Mozilla/5.0 (Macintosh; Intel Mac OS X 10_15_7) AppleWebKit/537.36 (KHTML, like Gecko) Chrome/100.0.4896.75 Safari/537.36"
::1 - - [12/Apr/2022:19:51:08 +0000] "POST /api/view/username/ HTTP/1.1" 200 33 "http://localhost:3000/register" "Mozilla/5.0 (Macintosh; Intel Mac OS X 10_15_7) AppleWebKit/537.36 (KHTML, like Gecko) Chrome/100.0.4896.75 Safari/537.36"
::1 - - [12/Apr/2022:19:51:12 +0000] "POST /api/view/register HTTP/1.1" 200 - "http://localhost:3000/register" "Mozilla/5.0 (Macintosh; Intel Mac OS X 10_15_7) AppleWebKit/537.36 (KHTML, like Gecko) Chrome/100.0.4896.75 Safari/537.36"
::1 - - [12/Apr/2022:19:51:39 +0000] "POST /api/view/email/ HTTP/1.1" 200 38 "http://localhost:3000/register" "Mozilla/5.0 (Macintosh; Intel Mac OS X 10_15_7) AppleWebKit/537.36 (KHTML, like Gecko) Chrome/100.0.4896.75 Safari/537.36"
::1 - - [12/Apr/2022:19:51:51 +0000] "POST /api/view/username/ HTTP/1.1" 200 33 "http://localhost:3000/register" "Mozilla/5.0 (Macintosh; Intel Mac OS X 10_15_7) AppleWebKit/537.36 (KHTML, like Gecko) Chrome/100.0.4896.75 Safari/537.36"
