::1 - - [14/Apr/2022:15:11:43 +0000] "POST /api/admin/forum/reply HTTP/1.1" 401 - "http://localhost:3000/admin/forum/:12" "Mozilla/5.0 (Macintosh; Intel Mac OS X 10_15_7) AppleWebKit/537.36 (KHTML, like Gecko) Chrome/100.0.4896.75 Safari/537.36"
::1 - - [14/Apr/2022:15:12:01 +0000] "POST /api/view/login/ HTTP/1.1" 200 375 "http://localhost:3000/?next=/admin/forum/:12" "Mozilla/5.0 (Macintosh; Intel Mac OS X 10_15_7) AppleWebKit/537.36 (KHTML, like Gecko) Chrome/100.0.4896.75 Safari/537.36"
::1 - - [14/Apr/2022:15:12:02 +0000] "GET /api/users/theme HTTP/1.1" 304 - "http://localhost:3000/?next=/admin/forum/:12" "Mozilla/5.0 (Macintosh; Intel Mac OS X 10_15_7) AppleWebKit/537.36 (KHTML, like Gecko) Chrome/100.0.4896.75 Safari/537.36"
::1 - - [14/Apr/2022:15:12:02 +0000] "GET /api/userview/premium HTTP/1.1" 200 37 "http://localhost:3000/?next=/admin/forum/:12" "Mozilla/5.0 (Macintosh; Intel Mac OS X 10_15_7) AppleWebKit/537.36 (KHTML, like Gecko) Chrome/100.0.4896.75 Safari/537.36"
::1 - - [14/Apr/2022:15:12:02 +0000] "GET /api/count/user/all/ HTTP/1.1" 200 98 "http://localhost:3000/?next=/admin/forum/:12" "Mozilla/5.0 (Macintosh; Intel Mac OS X 10_15_7) AppleWebKit/537.36 (KHTML, like Gecko) Chrome/100.0.4896.75 Safari/537.36"
::1 - - [14/Apr/2022:15:17:34 +0000] "GET /api/userview/premium HTTP/1.1" 304 - "http://localhost:3000/" "Mozilla/5.0 (Macintosh; Intel Mac OS X 10_15_7) AppleWebKit/537.36 (KHTML, like Gecko) Chrome/100.0.4896.75 Safari/537.36"
::1 - - [14/Apr/2022:15:17:34 +0000] "GET /api/users/theme HTTP/1.1" 304 - "http://localhost:3000/" "Mozilla/5.0 (Macintosh; Intel Mac OS X 10_15_7) AppleWebKit/537.36 (KHTML, like Gecko) Chrome/100.0.4896.75 Safari/537.36"
::1 - - [14/Apr/2022:15:17:34 +0000] "GET /api/userview/details HTTP/1.1" 200 523 "http://localhost:3000/user?navigate=lost" "Mozilla/5.0 (Macintosh; Intel Mac OS X 10_15_7) AppleWebKit/537.36 (KHTML, like Gecko) Chrome/100.0.4896.75 Safari/537.36"
::1 - - [14/Apr/2022:15:17:34 +0000] "GET /api/count/user/all/ HTTP/1.1" 304 - "http://localhost:3000/" "Mozilla/5.0 (Macintosh; Intel Mac OS X 10_15_7) AppleWebKit/537.36 (KHTML, like Gecko) Chrome/100.0.4896.75 Safari/537.36"
::1 - - [14/Apr/2022:15:26:31 +0000] "GET /api/userview/details HTTP/1.1" 304 - "http://localhost:3000/user" "Mozilla/5.0 (Macintosh; Intel Mac OS X 10_15_7) AppleWebKit/537.36 (KHTML, like Gecko) Chrome/100.0.4896.75 Safari/537.36"
::1 - - [14/Apr/2022:15:26:37 +0000] "GET /api/userview/balance HTTP/1.1" 304 - "http://localhost:3000/user/pay" "Mozilla/5.0 (Macintosh; Intel Mac OS X 10_15_7) AppleWebKit/537.36 (KHTML, like Gecko) Chrome/100.0.4896.75 Safari/537.36"
::1 - - [14/Apr/2022:15:26:39 +0000] "GET /api/userview/details HTTP/1.1" 304 - "http://localhost:3000/user/" "Mozilla/5.0 (Macintosh; Intel Mac OS X 10_15_7) AppleWebKit/537.36 (KHTML, like Gecko) Chrome/100.0.4896.75 Safari/537.36"
::1 - - [14/Apr/2022:15:28:54 +0000] "POST /api/view/login/ HTTP/1.1" 200 375 "http://localhost:3000/" "Mozilla/5.0 (Macintosh; Intel Mac OS X 10_15_7) AppleWebKit/537.36 (KHTML, like Gecko) Chrome/100.0.4896.75 Safari/537.36"
::1 - - [14/Apr/2022:15:28:55 +0000] "GET /api/userview/premium HTTP/1.1" 304 - "http://localhost:3000/" "Mozilla/5.0 (Macintosh; Intel Mac OS X 10_15_7) AppleWebKit/537.36 (KHTML, like Gecko) Chrome/100.0.4896.75 Safari/537.36"
::1 - - [14/Apr/2022:15:28:55 +0000] "GET /api/users/theme HTTP/1.1" 304 - "http://localhost:3000/" "Mozilla/5.0 (Macintosh; Intel Mac OS X 10_15_7) AppleWebKit/537.36 (KHTML, like Gecko) Chrome/100.0.4896.75 Safari/537.36"
::1 - - [14/Apr/2022:15:28:55 +0000] "GET /api/count/user/all/ HTTP/1.1" 304 - "http://localhost:3000/" "Mozilla/5.0 (Macintosh; Intel Mac OS X 10_15_7) AppleWebKit/537.36 (KHTML, like Gecko) Chrome/100.0.4896.75 Safari/537.36"
::1 - - [14/Apr/2022:15:28:56 +0000] "GET /api/userview/details HTTP/1.1" 304 - "http://localhost:3000/user" "Mozilla/5.0 (Macintosh; Intel Mac OS X 10_15_7) AppleWebKit/537.36 (KHTML, like Gecko) Chrome/100.0.4896.75 Safari/537.36"
::1 - - [14/Apr/2022:16:13:50 +0000] "GET /api/userview/details HTTP/1.1" 304 - "http://localhost:3000/user" "Mozilla/5.0 (Macintosh; Intel Mac OS X 10_15_7) AppleWebKit/537.36 (KHTML, like Gecko) Chrome/100.0.4896.75 Safari/537.36"
::1 - - [14/Apr/2022:16:22:54 +0000] "GET /api/userview/details HTTP/1.1" 304 - "http://localhost:3000/user" "Mozilla/5.0 (Macintosh; Intel Mac OS X 10_15_7) AppleWebKit/537.36 (KHTML, like Gecko) Chrome/100.0.4896.75 Safari/537.36"
::1 - - [14/Apr/2022:16:23:58 +0000] "GET /api/userview/details HTTP/1.1" 304 - "http://localhost:3000/user" "Mozilla/5.0 (Macintosh; Intel Mac OS X 10_15_7) AppleWebKit/537.36 (KHTML, like Gecko) Chrome/100.0.4896.75 Safari/537.36"
::1 - - [14/Apr/2022:16:26:49 +0000] "GET /api/userview/balance HTTP/1.1" 304 - "http://localhost:3000/user/pay" "Mozilla/5.0 (Macintosh; Intel Mac OS X 10_15_7) AppleWebKit/537.36 (KHTML, like Gecko) Chrome/100.0.4896.75 Safari/537.36"
::1 - - [14/Apr/2022:16:26:53 +0000] "POST /api/userview/subscriptions HTTP/1.1" 200 6748 "http://localhost:3000/user/subscriptions" "Mozilla/5.0 (Macintosh; Intel Mac OS X 10_15_7) AppleWebKit/537.36 (KHTML, like Gecko) Chrome/100.0.4896.75 Safari/537.36"
::1 - - [14/Apr/2022:16:29:10 +0000] "POST /api/view/login/ HTTP/1.1" 200 376 "http://localhost:3000/" "Mozilla/5.0 (Macintosh; Intel Mac OS X 10_15_7) AppleWebKit/537.36 (KHTML, like Gecko) Chrome/100.0.4896.75 Safari/537.36"
::1 - - [14/Apr/2022:16:29:10 +0000] "GET /api/admin/theme HTTP/1.1" 304 - "http://localhost:3000/" "Mozilla/5.0 (Macintosh; Intel Mac OS X 10_15_7) AppleWebKit/537.36 (KHTML, like Gecko) Chrome/100.0.4896.75 Safari/537.36"
::1 - - [14/Apr/2022:16:29:10 +0000] "GET /api/count/admin/all/ HTTP/1.1" 304 - "http://localhost:3000/" "Mozilla/5.0 (Macintosh; Intel Mac OS X 10_15_7) AppleWebKit/537.36 (KHTML, like Gecko) Chrome/100.0.4896.75 Safari/537.36"
::1 - - [14/Apr/2022:16:29:11 +0000] "GET /api/adminview/analytics/ HTTP/1.1" 200 123 "http://localhost:3000/admin" "Mozilla/5.0 (Macintosh; Intel Mac OS X 10_15_7) AppleWebKit/537.36 (KHTML, like Gecko) Chrome/100.0.4896.75 Safari/537.36"
::1 - - [14/Apr/2022:16:29:14 +0000] "POST /api/adminview/forums HTTP/1.1" 200 2126 "http://localhost:3000/admin/forums" "Mozilla/5.0 (Macintosh; Intel Mac OS X 10_15_7) AppleWebKit/537.36 (KHTML, like Gecko) Chrome/100.0.4896.75 Safari/537.36"
::1 - - [14/Apr/2022:16:29:22 +0000] "GET /api/adminview/forum/:12 HTTP/1.1" 200 1315 "http://localhost:3000/admin/forum/:12" "Mozilla/5.0 (Macintosh; Intel Mac OS X 10_15_7) AppleWebKit/537.36 (KHTML, like Gecko) Chrome/100.0.4896.75 Safari/537.36"
::1 - - [14/Apr/2022:16:32:40 +0000] "POST /api/admin/forum/reply HTTP/1.1" 404 43 "http://localhost:3000/admin/forum/:12" "Mozilla/5.0 (Macintosh; Intel Mac OS X 10_15_7) AppleWebKit/537.36 (KHTML, like Gecko) Chrome/100.0.4896.75 Safari/537.36"
::1 - - [14/Apr/2022:16:33:36 +0000] "POST /api/admin/forum/reply HTTP/1.1" 404 43 "-" "PostmanRuntime/7.29.0"
::1 - - [14/Apr/2022:16:36:02 +0000] "POST /api/admin/forum/reply HTTP/1.1" 200 4 "-" "PostmanRuntime/7.29.0"
::1 - - [14/Apr/2022:16:37:07 +0000] "POST /api/admin/forum/reply HTTP/1.1" 200 4 "http://localhost:3000/admin/forum/:12" "Mozilla/5.0 (Macintosh; Intel Mac OS X 10_15_7) AppleWebKit/537.36 (KHTML, like Gecko) Chrome/100.0.4896.75 Safari/537.36"
::1 - - [14/Apr/2022:16:37:08 +0000] "GET /api/adminview/forum/:12 HTTP/1.1" 200 1893 "http://localhost:3000/admin/forum/:12" "Mozilla/5.0 (Macintosh; Intel Mac OS X 10_15_7) AppleWebKit/537.36 (KHTML, like Gecko) Chrome/100.0.4896.75 Safari/537.36"
::1 - - [14/Apr/2022:16:39:11 +0000] "GET /api/adminview/forum/:12 HTTP/1.1" 304 - "http://localhost:3000/admin/forum/:12" "Mozilla/5.0 (Macintosh; Intel Mac OS X 10_15_7) AppleWebKit/537.36 (KHTML, like Gecko) Chrome/100.0.4896.75 Safari/537.36"
::1 - - [14/Apr/2022:16:54:06 +0000] "POST /api/view/login/ HTTP/1.1" 200 375 "http://localhost:3000/" "Mozilla/5.0 (Macintosh; Intel Mac OS X 10_15_7) AppleWebKit/537.36 (KHTML, like Gecko) Chrome/100.0.4896.75 Safari/537.36"
::1 - - [14/Apr/2022:16:54:06 +0000] "GET /api/userview/premium HTTP/1.1" 304 - "http://localhost:3000/" "Mozilla/5.0 (Macintosh; Intel Mac OS X 10_15_7) AppleWebKit/537.36 (KHTML, like Gecko) Chrome/100.0.4896.75 Safari/537.36"
::1 - - [14/Apr/2022:16:54:06 +0000] "GET /api/users/theme HTTP/1.1" 304 - "http://localhost:3000/" "Mozilla/5.0 (Macintosh; Intel Mac OS X 10_15_7) AppleWebKit/537.36 (KHTML, like Gecko) Chrome/100.0.4896.75 Safari/537.36"
::1 - - [14/Apr/2022:16:54:06 +0000] "GET /api/count/user/all/ HTTP/1.1" 304 - "http://localhost:3000/" "Mozilla/5.0 (Macintosh; Intel Mac OS X 10_15_7) AppleWebKit/537.36 (KHTML, like Gecko) Chrome/100.0.4896.75 Safari/537.36"
::1 - - [14/Apr/2022:16:54:06 +0000] "GET /api/userview/details HTTP/1.1" 304 - "http://localhost:3000/user" "Mozilla/5.0 (Macintosh; Intel Mac OS X 10_15_7) AppleWebKit/537.36 (KHTML, like Gecko) Chrome/100.0.4896.75 Safari/537.36"
::1 - - [14/Apr/2022:16:58:16 +0000] "POST /api/userview/subscriptions HTTP/1.1" 200 6748 "http://localhost:3000/user/subscriptions" "Mozilla/5.0 (Macintosh; Intel Mac OS X 10_15_7) AppleWebKit/537.36 (KHTML, like Gecko) Chrome/100.0.4896.75 Safari/537.36"
::1 - - [14/Apr/2022:16:58:31 +0000] "POST /api/view/login/ HTTP/1.1" 400 33 "http://localhost:3000/" "Mozilla/5.0 (Macintosh; Intel Mac OS X 10_15_7) AppleWebKit/537.36 (KHTML, like Gecko) Chrome/100.0.4896.75 Safari/537.36"
::1 - - [14/Apr/2022:16:58:36 +0000] "POST /api/view/login/ HTTP/1.1" 200 375 "http://localhost:3000/" "Mozilla/5.0 (Macintosh; Intel Mac OS X 10_15_7) AppleWebKit/537.36 (KHTML, like Gecko) Chrome/100.0.4896.75 Safari/537.36"
::1 - - [14/Apr/2022:16:58:36 +0000] "GET /api/userview/premium HTTP/1.1" 304 - "http://localhost:3000/" "Mozilla/5.0 (Macintosh; Intel Mac OS X 10_15_7) AppleWebKit/537.36 (KHTML, like Gecko) Chrome/100.0.4896.75 Safari/537.36"
::1 - - [14/Apr/2022:16:58:36 +0000] "GET /api/users/theme HTTP/1.1" 304 - "http://localhost:3000/" "Mozilla/5.0 (Macintosh; Intel Mac OS X 10_15_7) AppleWebKit/537.36 (KHTML, like Gecko) Chrome/100.0.4896.75 Safari/537.36"
::1 - - [14/Apr/2022:16:58:37 +0000] "GET /api/count/user/all/ HTTP/1.1" 304 - "http://localhost:3000/" "Mozilla/5.0 (Macintosh; Intel Mac OS X 10_15_7) AppleWebKit/537.36 (KHTML, like Gecko) Chrome/100.0.4896.75 Safari/537.36"
::1 - - [14/Apr/2022:16:58:37 +0000] "GET /api/userview/details HTTP/1.1" 304 - "http://localhost:3000/user" "Mozilla/5.0 (Macintosh; Intel Mac OS X 10_15_7) AppleWebKit/537.36 (KHTML, like Gecko) Chrome/100.0.4896.75 Safari/537.36"
::1 - - [14/Apr/2022:16:59:18 +0000] "POST /api/view/login/ HTTP/1.1" 200 375 "http://localhost:3000/" "Mozilla/5.0 (Macintosh; Intel Mac OS X 10_15_7) AppleWebKit/537.36 (KHTML, like Gecko) Chrome/100.0.4896.75 Safari/537.36"
::1 - - [14/Apr/2022:16:59:18 +0000] "GET /api/userview/premium HTTP/1.1" 304 - "http://localhost:3000/" "Mozilla/5.0 (Macintosh; Intel Mac OS X 10_15_7) AppleWebKit/537.36 (KHTML, like Gecko) Chrome/100.0.4896.75 Safari/537.36"
::1 - - [14/Apr/2022:16:59:18 +0000] "GET /api/users/theme HTTP/1.1" 304 - "http://localhost:3000/" "Mozilla/5.0 (Macintosh; Intel Mac OS X 10_15_7) AppleWebKit/537.36 (KHTML, like Gecko) Chrome/100.0.4896.75 Safari/537.36"
::1 - - [14/Apr/2022:16:59:18 +0000] "GET /api/count/user/all/ HTTP/1.1" 304 - "http://localhost:3000/" "Mozilla/5.0 (Macintosh; Intel Mac OS X 10_15_7) AppleWebKit/537.36 (KHTML, like Gecko) Chrome/100.0.4896.75 Safari/537.36"
::1 - - [14/Apr/2022:16:59:18 +0000] "GET /api/userview/details HTTP/1.1" 304 - "http://localhost:3000/user" "Mozilla/5.0 (Macintosh; Intel Mac OS X 10_15_7) AppleWebKit/537.36 (KHTML, like Gecko) Chrome/100.0.4896.75 Safari/537.36"
::1 - - [14/Apr/2022:18:22:29 +0000] "POST /api/view/email/ HTTP/1.1" 200 38 "http://localhost:3000/register" "Mozilla/5.0 (Macintosh; Intel Mac OS X 10_15_7) AppleWebKit/537.36 (KHTML, like Gecko) Chrome/100.0.4896.75 Safari/537.36"
::1 - - [14/Apr/2022:18:22:50 +0000] "POST /api/view/username/ HTTP/1.1" 200 33 "http://localhost:3000/register" "Mozilla/5.0 (Macintosh; Intel Mac OS X 10_15_7) AppleWebKit/537.36 (KHTML, like Gecko) Chrome/100.0.4896.75 Safari/537.36"
::1 - - [14/Apr/2022:18:24:32 +0000] "POST /api/view/email/ HTTP/1.1" 200 38 "http://localhost:3000/register" "Mozilla/5.0 (Macintosh; Intel Mac OS X 10_15_7) AppleWebKit/537.36 (KHTML, like Gecko) Chrome/100.0.4896.75 Safari/537.36"
