::1 - - [10/Apr/2022:00:15:29 +0000] "POST /api/userview/signals HTTP/1.1" 401 - "http://localhost:3000/user/signals" "Mozilla/5.0 (Macintosh; Intel Mac OS X 10_15_7) AppleWebKit/537.36 (KHTML, like Gecko) Chrome/100.0.4896.75 Safari/537.36"
::1 - - [10/Apr/2022:00:16:30 +0000] "POST /api/view/login/ HTTP/1.1" 200 375 "http://localhost:3000/?next=/user/signals" "Mozilla/5.0 (Macintosh; Intel Mac OS X 10_15_7) AppleWebKit/537.36 (KHTML, like Gecko) Chrome/100.0.4896.75 Safari/537.36"
::1 - - [10/Apr/2022:00:16:31 +0000] "GET /api/users/theme HTTP/1.1" 304 - "http://localhost:3000/?next=/user/signals" "Mozilla/5.0 (Macintosh; Intel Mac OS X 10_15_7) AppleWebKit/537.36 (KHTML, like Gecko) Chrome/100.0.4896.75 Safari/537.36"
::1 - - [10/Apr/2022:00:16:31 +0000] "GET /api/userview/premium HTTP/1.1" 304 - "http://localhost:3000/?next=/user/signals" "Mozilla/5.0 (Macintosh; Intel Mac OS X 10_15_7) AppleWebKit/537.36 (KHTML, like Gecko) Chrome/100.0.4896.75 Safari/537.36"
::1 - - [10/Apr/2022:00:16:31 +0000] "GET /api/count/user/all/ HTTP/1.1" 304 - "http://localhost:3000/?next=/user/signals" "Mozilla/5.0 (Macintosh; Intel Mac OS X 10_15_7) AppleWebKit/537.36 (KHTML, like Gecko) Chrome/100.0.4896.75 Safari/537.36"
::1 - - [10/Apr/2022:00:16:31 +0000] "POST /api/userview/signals HTTP/1.1" 200 3876 "http://localhost:3000/user/signals" "Mozilla/5.0 (Macintosh; Intel Mac OS X 10_15_7) AppleWebKit/537.36 (KHTML, like Gecko) Chrome/100.0.4896.75 Safari/537.36"
::1 - - [10/Apr/2022:00:21:24 +0000] "POST /api/userview/signals HTTP/1.1" 200 3876 "http://localhost:3000/user/signals" "Mozilla/5.0 (Macintosh; Intel Mac OS X 10_15_7) AppleWebKit/537.36 (KHTML, like Gecko) Chrome/100.0.4896.75 Safari/537.36"
::1 - - [10/Apr/2022:00:21:58 +0000] "POST /api/userview/bonus HTTP/1.1" 200 241 "http://localhost:3000/user/earnings" "Mozilla/5.0 (Macintosh; Intel Mac OS X 10_15_7) AppleWebKit/537.36 (KHTML, like Gecko) Chrome/100.0.4896.75 Safari/537.36"
::1 - - [10/Apr/2022:00:22:00 +0000] "POST /api/userview/signals HTTP/1.1" 200 3876 "http://localhost:3000/user/signals" "Mozilla/5.0 (Macintosh; Intel Mac OS X 10_15_7) AppleWebKit/537.36 (KHTML, like Gecko) Chrome/100.0.4896.75 Safari/537.36"
::1 - - [10/Apr/2022:00:23:07 +0000] "POST /api/userview/referrals HTTP/1.1" 200 210 "http://localhost:3000/user/referrals" "Mozilla/5.0 (Macintosh; Intel Mac OS X 10_15_7) AppleWebKit/537.36 (KHTML, like Gecko) Chrome/100.0.4896.75 Safari/537.36"
::1 - - [10/Apr/2022:00:23:15 +0000] "POST /api/userview/signals HTTP/1.1" 200 3876 "http://localhost:3000/user/signals" "Mozilla/5.0 (Macintosh; Intel Mac OS X 10_15_7) AppleWebKit/537.36 (KHTML, like Gecko) Chrome/100.0.4896.75 Safari/537.36"
::1 - - [10/Apr/2022:00:24:50 +0000] "GET /api/userview/balance HTTP/1.1" 304 - "http://localhost:3000/user/withdrawals" "Mozilla/5.0 (Macintosh; Intel Mac OS X 10_15_7) AppleWebKit/537.36 (KHTML, like Gecko) Chrome/100.0.4896.75 Safari/537.36"
::1 - - [10/Apr/2022:00:24:50 +0000] "GET /api/userview/account HTTP/1.1" 304 - "http://localhost:3000/user/withdrawals" "Mozilla/5.0 (Macintosh; Intel Mac OS X 10_15_7) AppleWebKit/537.36 (KHTML, like Gecko) Chrome/100.0.4896.75 Safari/537.36"
::1 - - [10/Apr/2022:00:24:50 +0000] "POST /api/userview/withdrawals HTTP/1.1" 200 162 "http://localhost:3000/user/withdrawals" "Mozilla/5.0 (Macintosh; Intel Mac OS X 10_15_7) AppleWebKit/537.36 (KHTML, like Gecko) Chrome/100.0.4896.75 Safari/537.36"
::1 - - [10/Apr/2022:00:24:57 +0000] "POST /api/userview/signals HTTP/1.1" 200 3876 "http://localhost:3000/user/signals" "Mozilla/5.0 (Macintosh; Intel Mac OS X 10_15_7) AppleWebKit/537.36 (KHTML, like Gecko) Chrome/100.0.4896.75 Safari/537.36"
::1 - - [10/Apr/2022:00:40:07 +0000] "GET /api/userview/premium HTTP/1.1" 304 - "http://localhost:3000/user/signals" "Mozilla/5.0 (Macintosh; Intel Mac OS X 10_15_7) AppleWebKit/537.36 (KHTML, like Gecko) Chrome/100.0.4896.75 Safari/537.36"
::1 - - [10/Apr/2022:00:40:37 +0000] "GET /api/userview/premium HTTP/1.1" 304 - "http://localhost:3000/user/signals" "Mozilla/5.0 (Macintosh; Intel Mac OS X 10_15_7) AppleWebKit/537.36 (KHTML, like Gecko) Chrome/100.0.4896.75 Safari/537.36"
::1 - - [10/Apr/2022:00:40:37 +0000] "POST /api/userview/signals HTTP/1.1" 200 3876 "http://localhost:3000/user/signals" "Mozilla/5.0 (Macintosh; Intel Mac OS X 10_15_7) AppleWebKit/537.36 (KHTML, like Gecko) Chrome/100.0.4896.75 Safari/537.36"
::1 - - [10/Apr/2022:00:40:37 +0000] "POST /api/userview/signals HTTP/1.1" 200 3876 "http://localhost:3000/user/signals" "Mozilla/5.0 (Macintosh; Intel Mac OS X 10_15_7) AppleWebKit/537.36 (KHTML, like Gecko) Chrome/100.0.4896.75 Safari/537.36"
::1 - - [10/Apr/2022:00:40:50 +0000] "GET /api/userview/premium HTTP/1.1" 304 - "http://localhost:3000/user/signals" "Mozilla/5.0 (Macintosh; Intel Mac OS X 10_15_7) AppleWebKit/537.36 (KHTML, like Gecko) Chrome/100.0.4896.75 Safari/537.36"
::1 - - [10/Apr/2022:00:40:50 +0000] "POST /api/userview/signals HTTP/1.1" 200 3876 "http://localhost:3000/user/signals" "Mozilla/5.0 (Macintosh; Intel Mac OS X 10_15_7) AppleWebKit/537.36 (KHTML, like Gecko) Chrome/100.0.4896.75 Safari/537.36"
::1 - - [10/Apr/2022:00:40:51 +0000] "POST /api/userview/signals HTTP/1.1" 200 3876 "http://localhost:3000/user/signals" "Mozilla/5.0 (Macintosh; Intel Mac OS X 10_15_7) AppleWebKit/537.36 (KHTML, like Gecko) Chrome/100.0.4896.75 Safari/537.36"
::1 - - [10/Apr/2022:00:40:53 +0000] "POST /api/userview/signals HTTP/1.1" 200 3876 "http://localhost:3000/user/signals" "Mozilla/5.0 (Macintosh; Intel Mac OS X 10_15_7) AppleWebKit/537.36 (KHTML, like Gecko) Chrome/100.0.4896.75 Safari/537.36"
::1 - - [10/Apr/2022:00:40:54 +0000] "POST /api/userview/signals HTTP/1.1" 200 3876 "http://localhost:3000/user/signals" "Mozilla/5.0 (Macintosh; Intel Mac OS X 10_15_7) AppleWebKit/537.36 (KHTML, like Gecko) Chrome/100.0.4896.75 Safari/537.36"
::1 - - [10/Apr/2022:00:40:56 +0000] "POST /api/userview/signals HTTP/1.1" 200 3876 "http://localhost:3000/user/signals" "Mozilla/5.0 (Macintosh; Intel Mac OS X 10_15_7) AppleWebKit/537.36 (KHTML, like Gecko) Chrome/100.0.4896.75 Safari/537.36"
::1 - - [10/Apr/2022:00:40:57 +0000] "POST /api/userview/signals HTTP/1.1" 200 3876 "http://localhost:3000/user/signals" "Mozilla/5.0 (Macintosh; Intel Mac OS X 10_15_7) AppleWebKit/537.36 (KHTML, like Gecko) Chrome/100.0.4896.75 Safari/537.36"
::1 - - [10/Apr/2022:00:41:00 +0000] "POST /api/userview/signals HTTP/1.1" 200 3876 "http://localhost:3000/user/signals" "Mozilla/5.0 (Macintosh; Intel Mac OS X 10_15_7) AppleWebKit/537.36 (KHTML, like Gecko) Chrome/100.0.4896.75 Safari/537.36"
::1 - - [10/Apr/2022:00:41:00 +0000] "POST /api/userview/signals HTTP/1.1" 200 3876 "http://localhost:3000/user/signals" "Mozilla/5.0 (Macintosh; Intel Mac OS X 10_15_7) AppleWebKit/537.36 (KHTML, like Gecko) Chrome/100.0.4896.75 Safari/537.36"
::1 - - [10/Apr/2022:00:41:02 +0000] "POST /api/userview/signals HTTP/1.1" 200 3876 "http://localhost:3000/user/signals" "Mozilla/5.0 (Macintosh; Intel Mac OS X 10_15_7) AppleWebKit/537.36 (KHTML, like Gecko) Chrome/100.0.4896.75 Safari/537.36"
::1 - - [10/Apr/2022:00:41:03 +0000] "POST /api/userview/signals HTTP/1.1" 200 3876 "http://localhost:3000/user/signals" "Mozilla/5.0 (Macintosh; Intel Mac OS X 10_15_7) AppleWebKit/537.36 (KHTML, like Gecko) Chrome/100.0.4896.75 Safari/537.36"
::1 - - [10/Apr/2022:00:41:06 +0000] "POST /api/userview/signals HTTP/1.1" 200 3876 "http://localhost:3000/user/signals" "Mozilla/5.0 (Macintosh; Intel Mac OS X 10_15_7) AppleWebKit/537.36 (KHTML, like Gecko) Chrome/100.0.4896.75 Safari/537.36"
::1 - - [10/Apr/2022:00:41:06 +0000] "POST /api/userview/signals HTTP/1.1" 200 3876 "http://localhost:3000/user/signals" "Mozilla/5.0 (Macintosh; Intel Mac OS X 10_15_7) AppleWebKit/537.36 (KHTML, like Gecko) Chrome/100.0.4896.75 Safari/537.36"
::1 - - [10/Apr/2022:00:41:12 +0000] "POST /api/userview/signals HTTP/1.1" 200 3876 "http://localhost:3000/user/signals" "Mozilla/5.0 (Macintosh; Intel Mac OS X 10_15_7) AppleWebKit/537.36 (KHTML, like Gecko) Chrome/100.0.4896.75 Safari/537.36"
::1 - - [10/Apr/2022:00:41:12 +0000] "POST /api/userview/signals HTTP/1.1" 200 3876 "http://localhost:3000/user/signals" "Mozilla/5.0 (Macintosh; Intel Mac OS X 10_15_7) AppleWebKit/537.36 (KHTML, like Gecko) Chrome/100.0.4896.75 Safari/537.36"
::1 - - [10/Apr/2022:00:41:13 +0000] "POST /api/userview/signals HTTP/1.1" 200 3876 "http://localhost:3000/user/signals" "Mozilla/5.0 (Macintosh; Intel Mac OS X 10_15_7) AppleWebKit/537.36 (KHTML, like Gecko) Chrome/100.0.4896.75 Safari/537.36"
::1 - - [10/Apr/2022:00:41:13 +0000] "POST /api/userview/signals HTTP/1.1" 200 3876 "http://localhost:3000/user/signals" "Mozilla/5.0 (Macintosh; Intel Mac OS X 10_15_7) AppleWebKit/537.36 (KHTML, like Gecko) Chrome/100.0.4896.75 Safari/537.36"
::1 - - [10/Apr/2022:00:41:14 +0000] "GET /api/userview/premium HTTP/1.1" 304 - "http://localhost:3000/user/signals" "Mozilla/5.0 (Macintosh; Intel Mac OS X 10_15_7) AppleWebKit/537.36 (KHTML, like Gecko) Chrome/100.0.4896.75 Safari/537.36"
::1 - - [10/Apr/2022:00:41:14 +0000] "POST /api/userview/signals HTTP/1.1" 200 3876 "http://localhost:3000/user/signals" "Mozilla/5.0 (Macintosh; Intel Mac OS X 10_15_7) AppleWebKit/537.36 (KHTML, like Gecko) Chrome/100.0.4896.75 Safari/537.36"
::1 - - [10/Apr/2022:00:41:14 +0000] "POST /api/userview/signals HTTP/1.1" 200 3876 "http://localhost:3000/user/signals" "Mozilla/5.0 (Macintosh; Intel Mac OS X 10_15_7) AppleWebKit/537.36 (KHTML, like Gecko) Chrome/100.0.4896.75 Safari/537.36"
::1 - - [10/Apr/2022:00:41:14 +0000] "POST /api/userview/signals HTTP/1.1" 200 3876 "http://localhost:3000/user/signals" "Mozilla/5.0 (Macintosh; Intel Mac OS X 10_15_7) AppleWebKit/537.36 (KHTML, like Gecko) Chrome/100.0.4896.75 Safari/537.36"
::1 - - [10/Apr/2022:00:41:17 +0000] "POST /api/userview/signals HTTP/1.1" 200 3876 "http://localhost:3000/user/signals" "Mozilla/5.0 (Macintosh; Intel Mac OS X 10_15_7) AppleWebKit/537.36 (KHTML, like Gecko) Chrome/100.0.4896.75 Safari/537.36"
::1 - - [10/Apr/2022:00:41:20 +0000] "POST /api/userview/signals HTTP/1.1" 200 3876 "http://localhost:3000/user/signals" "Mozilla/5.0 (Macintosh; Intel Mac OS X 10_15_7) AppleWebKit/537.36 (KHTML, like Gecko) Chrome/100.0.4896.75 Safari/537.36"
::1 - - [10/Apr/2022:00:41:23 +0000] "POST /api/userview/signals HTTP/1.1" 200 3876 "http://localhost:3000/user/signals" "Mozilla/5.0 (Macintosh; Intel Mac OS X 10_15_7) AppleWebKit/537.36 (KHTML, like Gecko) Chrome/100.0.4896.75 Safari/537.36"
::1 - - [10/Apr/2022:00:41:26 +0000] "POST /api/userview/signals HTTP/1.1" 200 3876 "http://localhost:3000/user/signals" "Mozilla/5.0 (Macintosh; Intel Mac OS X 10_15_7) AppleWebKit/537.36 (KHTML, like Gecko) Chrome/100.0.4896.75 Safari/537.36"
::1 - - [10/Apr/2022:00:41:29 +0000] "POST /api/userview/signals HTTP/1.1" 200 3876 "http://localhost:3000/user/signals" "Mozilla/5.0 (Macintosh; Intel Mac OS X 10_15_7) AppleWebKit/537.36 (KHTML, like Gecko) Chrome/100.0.4896.75 Safari/537.36"
::1 - - [10/Apr/2022:00:41:36 +0000] "POST /api/userview/signals HTTP/1.1" 200 3876 "http://localhost:3000/user/signals" "Mozilla/5.0 (Macintosh; Intel Mac OS X 10_15_7) AppleWebKit/537.36 (KHTML, like Gecko) Chrome/100.0.4896.75 Safari/537.36"
::1 - - [10/Apr/2022:00:41:38 +0000] "GET /api/userview/premium HTTP/1.1" 304 - "http://localhost:3000/user/signals" "Mozilla/5.0 (Macintosh; Intel Mac OS X 10_15_7) AppleWebKit/537.36 (KHTML, like Gecko) Chrome/100.0.4896.75 Safari/537.36"
::1 - - [10/Apr/2022:00:41:38 +0000] "POST /api/userview/signals HTTP/1.1" 200 3876 "http://localhost:3000/user/signals" "Mozilla/5.0 (Macintosh; Intel Mac OS X 10_15_7) AppleWebKit/537.36 (KHTML, like Gecko) Chrome/100.0.4896.75 Safari/537.36"
::1 - - [10/Apr/2022:00:41:38 +0000] "POST /api/userview/signals HTTP/1.1" 200 3876 "http://localhost:3000/user/signals" "Mozilla/5.0 (Macintosh; Intel Mac OS X 10_15_7) AppleWebKit/537.36 (KHTML, like Gecko) Chrome/100.0.4896.75 Safari/537.36"
::1 - - [10/Apr/2022:00:41:38 +0000] "POST /api/userview/signals HTTP/1.1" 200 3876 "http://localhost:3000/user/signals" "Mozilla/5.0 (Macintosh; Intel Mac OS X 10_15_7) AppleWebKit/537.36 (KHTML, like Gecko) Chrome/100.0.4896.75 Safari/537.36"
::1 - - [10/Apr/2022:00:41:42 +0000] "POST /api/userview/signals HTTP/1.1" 200 3876 "http://localhost:3000/user/signals" "Mozilla/5.0 (Macintosh; Intel Mac OS X 10_15_7) AppleWebKit/537.36 (KHTML, like Gecko) Chrome/100.0.4896.75 Safari/537.36"
::1 - - [10/Apr/2022:00:41:44 +0000] "POST /api/userview/signals HTTP/1.1" 200 3876 "http://localhost:3000/user/signals" "Mozilla/5.0 (Macintosh; Intel Mac OS X 10_15_7) AppleWebKit/537.36 (KHTML, like Gecko) Chrome/100.0.4896.75 Safari/537.36"
::1 - - [10/Apr/2022:00:41:47 +0000] "POST /api/userview/signals HTTP/1.1" 200 3876 "http://localhost:3000/user/signals" "Mozilla/5.0 (Macintosh; Intel Mac OS X 10_15_7) AppleWebKit/537.36 (KHTML, like Gecko) Chrome/100.0.4896.75 Safari/537.36"
::1 - - [10/Apr/2022:00:41:50 +0000] "POST /api/userview/signals HTTP/1.1" 200 3876 "http://localhost:3000/user/signals" "Mozilla/5.0 (Macintosh; Intel Mac OS X 10_15_7) AppleWebKit/537.36 (KHTML, like Gecko) Chrome/100.0.4896.75 Safari/537.36"
::1 - - [10/Apr/2022:00:41:53 +0000] "POST /api/userview/signals HTTP/1.1" 200 3876 "http://localhost:3000/user/signals" "Mozilla/5.0 (Macintosh; Intel Mac OS X 10_15_7) AppleWebKit/537.36 (KHTML, like Gecko) Chrome/100.0.4896.75 Safari/537.36"
::1 - - [10/Apr/2022:00:41:56 +0000] "POST /api/userview/signals HTTP/1.1" 200 3876 "http://localhost:3000/user/signals" "Mozilla/5.0 (Macintosh; Intel Mac OS X 10_15_7) AppleWebKit/537.36 (KHTML, like Gecko) Chrome/100.0.4896.75 Safari/537.36"
::1 - - [10/Apr/2022:00:42:03 +0000] "POST /api/userview/signals HTTP/1.1" 200 3876 "http://localhost:3000/user/signals" "Mozilla/5.0 (Macintosh; Intel Mac OS X 10_15_7) AppleWebKit/537.36 (KHTML, like Gecko) Chrome/100.0.4896.75 Safari/537.36"
::1 - - [10/Apr/2022:00:42:05 +0000] "POST /api/userview/signals HTTP/1.1" 200 3876 "http://localhost:3000/user/signals" "Mozilla/5.0 (Macintosh; Intel Mac OS X 10_15_7) AppleWebKit/537.36 (KHTML, like Gecko) Chrome/100.0.4896.75 Safari/537.36"
::1 - - [10/Apr/2022:00:42:08 +0000] "POST /api/userview/signals HTTP/1.1" 200 3876 "http://localhost:3000/user/signals" "Mozilla/5.0 (Macintosh; Intel Mac OS X 10_15_7) AppleWebKit/537.36 (KHTML, like Gecko) Chrome/100.0.4896.75 Safari/537.36"
::1 - - [10/Apr/2022:00:42:15 +0000] "GET /api/userview/premium HTTP/1.1" 304 - "http://localhost:3000/user/signals" "Mozilla/5.0 (Macintosh; Intel Mac OS X 10_15_7) AppleWebKit/537.36 (KHTML, like Gecko) Chrome/100.0.4896.75 Safari/537.36"
::1 - - [10/Apr/2022:00:42:15 +0000] "POST /api/userview/signals HTTP/1.1" 200 3876 "http://localhost:3000/user/signals" "Mozilla/5.0 (Macintosh; Intel Mac OS X 10_15_7) AppleWebKit/537.36 (KHTML, like Gecko) Chrome/100.0.4896.75 Safari/537.36"
::1 - - [10/Apr/2022:00:42:15 +0000] "POST /api/userview/signals HTTP/1.1" 200 3876 "http://localhost:3000/user/signals" "Mozilla/5.0 (Macintosh; Intel Mac OS X 10_15_7) AppleWebKit/537.36 (KHTML, like Gecko) Chrome/100.0.4896.75 Safari/537.36"
::1 - - [10/Apr/2022:00:47:16 +0000] "POST /api/userview/signals HTTP/1.1" 200 3876 "http://localhost:3000/user/signals" "Mozilla/5.0 (Macintosh; Intel Mac OS X 10_15_7) AppleWebKit/537.36 (KHTML, like Gecko) Chrome/100.0.4896.75 Safari/537.36"
::1 - - [10/Apr/2022:00:47:16 +0000] "POST /api/userview/signals HTTP/1.1" 200 3876 "http://localhost:3000/user/signals" "Mozilla/5.0 (Macintosh; Intel Mac OS X 10_15_7) AppleWebKit/537.36 (KHTML, like Gecko) Chrome/100.0.4896.75 Safari/537.36"
::1 - - [10/Apr/2022:00:47:46 +0000] "GET /api/userview/premium HTTP/1.1" 304 - "http://localhost:3000/user/signals" "Mozilla/5.0 (Macintosh; Intel Mac OS X 10_15_7) AppleWebKit/537.36 (KHTML, like Gecko) Chrome/100.0.4896.75 Safari/537.36"
::1 - - [10/Apr/2022:00:47:46 +0000] "POST /api/userview/signals HTTP/1.1" 200 3876 "http://localhost:3000/user/signals" "Mozilla/5.0 (Macintosh; Intel Mac OS X 10_15_7) AppleWebKit/537.36 (KHTML, like Gecko) Chrome/100.0.4896.75 Safari/537.36"
::1 - - [10/Apr/2022:00:47:46 +0000] "POST /api/userview/signals HTTP/1.1" 200 3876 "http://localhost:3000/user/signals" "Mozilla/5.0 (Macintosh; Intel Mac OS X 10_15_7) AppleWebKit/537.36 (KHTML, like Gecko) Chrome/100.0.4896.75 Safari/537.36"
::1 - - [10/Apr/2022:00:48:24 +0000] "GET /api/userview/premium HTTP/1.1" 304 - "http://localhost:3000/user/signals" "Mozilla/5.0 (Macintosh; Intel Mac OS X 10_15_7) AppleWebKit/537.36 (KHTML, like Gecko) Chrome/100.0.4896.75 Safari/537.36"
::1 - - [10/Apr/2022:00:48:24 +0000] "POST /api/userview/signals HTTP/1.1" 200 3876 "http://localhost:3000/user/signals" "Mozilla/5.0 (Macintosh; Intel Mac OS X 10_15_7) AppleWebKit/537.36 (KHTML, like Gecko) Chrome/100.0.4896.75 Safari/537.36"
::1 - - [10/Apr/2022:00:48:24 +0000] "POST /api/userview/signals HTTP/1.1" 200 3876 "http://localhost:3000/user/signals" "Mozilla/5.0 (Macintosh; Intel Mac OS X 10_15_7) AppleWebKit/537.36 (KHTML, like Gecko) Chrome/100.0.4896.75 Safari/537.36"
::1 - - [10/Apr/2022:00:52:15 +0000] "POST /api/userview/signals HTTP/1.1" 200 3876 "http://localhost:3000/user/signals" "Mozilla/5.0 (Macintosh; Intel Mac OS X 10_15_7) AppleWebKit/537.36 (KHTML, like Gecko) Chrome/100.0.4896.75 Safari/537.36"
::1 - - [10/Apr/2022:00:52:46 +0000] "POST /api/userview/signals HTTP/1.1" 200 3876 "http://localhost:3000/user/signals" "Mozilla/5.0 (Macintosh; Intel Mac OS X 10_15_7) AppleWebKit/537.36 (KHTML, like Gecko) Chrome/100.0.4896.75 Safari/537.36"
::1 - - [10/Apr/2022:00:55:51 +0000] "GET /api/userview/premium HTTP/1.1" 304 - "http://localhost:3000/?next=/user/signals" "Mozilla/5.0 (Macintosh; Intel Mac OS X 10_15_7) AppleWebKit/537.36 (KHTML, like Gecko) Chrome/100.0.4896.75 Safari/537.36"
::1 - - [10/Apr/2022:00:55:51 +0000] "GET /api/users/theme HTTP/1.1" 304 - "http://localhost:3000/?next=/user/signals" "Mozilla/5.0 (Macintosh; Intel Mac OS X 10_15_7) AppleWebKit/537.36 (KHTML, like Gecko) Chrome/100.0.4896.75 Safari/537.36"
::1 - - [10/Apr/2022:00:55:51 +0000] "GET /api/count/user/all/ HTTP/1.1" 304 - "http://localhost:3000/?next=/user/signals" "Mozilla/5.0 (Macintosh; Intel Mac OS X 10_15_7) AppleWebKit/537.36 (KHTML, like Gecko) Chrome/100.0.4896.75 Safari/537.36"
::1 - - [10/Apr/2022:00:55:51 +0000] "GET /api/userview/premium HTTP/1.1" 304 - "http://localhost:3000/user/signals" "Mozilla/5.0 (Macintosh; Intel Mac OS X 10_15_7) AppleWebKit/537.36 (KHTML, like Gecko) Chrome/100.0.4896.75 Safari/537.36"
::1 - - [10/Apr/2022:00:55:52 +0000] "POST /api/userview/signals HTTP/1.1" 200 3876 "http://localhost:3000/user/signals" "Mozilla/5.0 (Macintosh; Intel Mac OS X 10_15_7) AppleWebKit/537.36 (KHTML, like Gecko) Chrome/100.0.4896.75 Safari/537.36"
::1 - - [10/Apr/2022:00:55:52 +0000] "POST /api/userview/signals HTTP/1.1" 200 3876 "http://localhost:3000/user/signals" "Mozilla/5.0 (Macintosh; Intel Mac OS X 10_15_7) AppleWebKit/537.36 (KHTML, like Gecko) Chrome/100.0.4896.75 Safari/537.36"
::1 - - [10/Apr/2022:00:56:59 +0000] "GET /api/userview/details HTTP/1.1" 304 - "http://localhost:3000/user/" "Mozilla/5.0 (Macintosh; Intel Mac OS X 10_15_7) AppleWebKit/537.36 (KHTML, like Gecko) Chrome/100.0.4896.75 Safari/537.36"
::1 - - [10/Apr/2022:00:57:06 +0000] "GET /api/userview/details HTTP/1.1" 304 - "http://localhost:3000/user/" "Mozilla/5.0 (Macintosh; Intel Mac OS X 10_15_7) AppleWebKit/537.36 (KHTML, like Gecko) Chrome/100.0.4896.75 Safari/537.36"
::1 - - [10/Apr/2022:00:58:27 +0000] "GET /api/userview/details HTTP/1.1" 304 - "http://localhost:3000/user/" "Mozilla/5.0 (Macintosh; Intel Mac OS X 10_15_7) AppleWebKit/537.36 (KHTML, like Gecko) Chrome/100.0.4896.75 Safari/537.36"
::1 - - [10/Apr/2022:00:58:45 +0000] "GET /api/userview/details HTTP/1.1" 304 - "http://localhost:3000/user/" "Mozilla/5.0 (Macintosh; Intel Mac OS X 10_15_7) AppleWebKit/537.36 (KHTML, like Gecko) Chrome/100.0.4896.75 Safari/537.36"
::1 - - [10/Apr/2022:00:59:10 +0000] "GET /api/userview/details HTTP/1.1" 304 - "http://localhost:3000/user/" "Mozilla/5.0 (Macintosh; Intel Mac OS X 10_15_7) AppleWebKit/537.36 (KHTML, like Gecko) Chrome/100.0.4896.75 Safari/537.36"
::1 - - [10/Apr/2022:00:59:46 +0000] "POST /api/view/login/ HTTP/1.1" 400 33 "http://localhost:3000/?next=/user/" "Mozilla/5.0 (Macintosh; Intel Mac OS X 10_15_7) AppleWebKit/537.36 (KHTML, like Gecko) Chrome/100.0.4896.75 Safari/537.36"
::1 - - [10/Apr/2022:00:59:53 +0000] "POST /api/view/login/ HTTP/1.1" 200 375 "http://localhost:3000/?next=/user/" "Mozilla/5.0 (Macintosh; Intel Mac OS X 10_15_7) AppleWebKit/537.36 (KHTML, like Gecko) Chrome/100.0.4896.75 Safari/537.36"
::1 - - [10/Apr/2022:00:59:53 +0000] "GET /api/userview/premium HTTP/1.1" 304 - "http://localhost:3000/?next=/user/" "Mozilla/5.0 (Macintosh; Intel Mac OS X 10_15_7) AppleWebKit/537.36 (KHTML, like Gecko) Chrome/100.0.4896.75 Safari/537.36"
::1 - - [10/Apr/2022:00:59:53 +0000] "GET /api/users/theme HTTP/1.1" 304 - "http://localhost:3000/?next=/user/" "Mozilla/5.0 (Macintosh; Intel Mac OS X 10_15_7) AppleWebKit/537.36 (KHTML, like Gecko) Chrome/100.0.4896.75 Safari/537.36"
::1 - - [10/Apr/2022:00:59:53 +0000] "GET /api/count/user/all/ HTTP/1.1" 304 - "http://localhost:3000/?next=/user/" "Mozilla/5.0 (Macintosh; Intel Mac OS X 10_15_7) AppleWebKit/537.36 (KHTML, like Gecko) Chrome/100.0.4896.75 Safari/537.36"
::1 - - [10/Apr/2022:00:59:53 +0000] "GET /api/userview/details HTTP/1.1" 304 - "http://localhost:3000/user/" "Mozilla/5.0 (Macintosh; Intel Mac OS X 10_15_7) AppleWebKit/537.36 (KHTML, like Gecko) Chrome/100.0.4896.75 Safari/537.36"
